{"meta": {"format": 3, "version": "7.10.7", "timestamp": "2025-12-17T21:49:21.882471", "branch_coverage": false, "show_contexts": false}, "files": {"app\\__init__.py": {"executed_lines": [1], "summary": {"covered_lines": 0, "num_statements": 0, "percent_covered": 100.0, "percent_covered_display": "100", "missing_lines": 0, "excluded_lines": 0}, "missing_lines": [], "excluded_lines": [], "functions": {"": {"executed_lines": [1], "summary": {"covered_lines": 0, "num_statements": 0, "percent_covered": 100.0, "percent_covered_display": "100", "missing_lines": 0, "excluded_lines": 0}, "missing_lines": [], "excluded_lines": []}}, "classes": {"": {"executed_lines": [1], "summary": {"covered_lines": 0, "num_statements": 0, "percent_covered": 100.0, "percent_covered_display": "100", "missing_lines": 0, "excluded_lines": 0}, "missing_lines": [], "excluded_lines": []}}}, "app\\data_model.py": {"executed_lines": [], "summary": {"covered_lines": 0, "num_statements": 233, "percent_covered": 0.0, "percent_covered_display": "0", "missing_lines": 233, "excluded_lines": 0}, "missing_lines": [1, 2, 3, 4, 5, 6, 7, 8, 9, 10, 11, 12, 15, 28, 35, 36, 37, 38, 39, 40, 41, 44, 47, 49, 56, 58, 61, 64, 67, 68, 72, 73, 76, 78, 79, 80, 81, 83, 87, 88, 91, 94, 97, 105, 110, 112, 119, 120, 122, 124, 134, 135, 138, 141, 142, 143, 149, 151, 158, 159, 162, 165, 166, 168, 169, 171, 189, 201, 202, 203, 205, 206, 207, 209, 216, 218, 219, 222, 223, 224, 227, 228, 230, 237, 239, 240, 246, 253, 256, 259, 260, 261, 264, 265, 268, 270, 277, 278, 279, 282, 285, 286, 288, 294, 295, 296, 301, 311, 312, 314, 315, 317, 318, 320, 321, 322, 327, 335, 346, 348, 349, 350, 351, 357, 364, 365, 368, 369, 372, 373, 374, 375, 377, 378, 379, 380, 382, 385, 386, 387, 390, 392, 404, 416, 417, 418, 419, 424, 426, 427, 430, 431, 434, 437, 445, 448, 451, 452, 453, 459, 466, 467, 468, 473, 484, 486, 487, 488, 489, 494, 497, 498, 500, 501, 502, 503, 504, 505, 506, 507, 508, 509, 511, 519, 520, 523, 524, 527, 528, 529, 530, 533, 534, 535, 538, 539, 541, 542, 543, 544, 545, 546, 547, 548, 549, 550, 552, 559, 569, 570, 575, 577, 578, 579, 582, 583, 585, 586, 591, 594, 595, 598, 599, 601, 604, 605, 606, 607, 608, 610, 621, 622, 623], "excluded_lines": [], "functions": {"DataModel.__init__": {"executed_lines": [], "summary": {"covered_lines": 0, "num_statements": 9, "percent_covered": 0.0, "percent_covered_display": "0", "missing_lines": 9, "excluded_lines": 0}, "missing_lines": [35, 36, 37, 38, 39, 40, 41, 44, 47], "excluded_lines": []}, "DataModel.load_data": {"executed_lines": [], "summary": {"covered_lines": 0, "num_statements": 13, "percent_covered": 0.0, "percent_covered_display": "0", "missing_lines": 13, "excluded_lines": 0}, "missing_lines": [56, 58, 61, 64, 67, 68, 72, 73, 76, 78, 79, 80, 81], "excluded_lines": []}, "DataModel._melt_data": {"executed_lines": [], "summary": {"covered_lines": 0, "num_statements": 7, "percent_covered": 0.0, "percent_covered_display": "0", "missing_lines": 7, "excluded_lines": 0}, "missing_lines": [87, 88, 91, 94, 97, 105, 110], "excluded_lines": []}, "DataModel.get_countries": {"executed_lines": [], "summary": {"covered_lines": 0, "num_statements": 3, "percent_covered": 0.0, "percent_covered_display": "0", "missing_lines": 3, "excluded_lines": 0}, "missing_lines": [119, 120, 122], "excluded_lines": []}, "DataModel.get_country_data": {"executed_lines": [], "summary": {"covered_lines": 0, "num_statements": 7, "percent_covered": 0.0, "percent_covered_display": "0", "missing_lines": 7, "excluded_lines": 0}, "missing_lines": [134, 135, 138, 141, 142, 143, 149], "excluded_lines": []}, "DataModel.get_overview_data": {"executed_lines": [], "summary": {"covered_lines": 0, "num_statements": 8, "percent_covered": 0.0, "percent_covered_display": "0", "missing_lines": 8, "excluded_lines": 0}, "missing_lines": [158, 159, 162, 165, 166, 168, 169, 171], "excluded_lines": []}, "DataModel.train_model": {"executed_lines": [], "summary": {"covered_lines": 0, "num_statements": 39, "percent_covered": 0.0, "percent_covered_display": "0", "missing_lines": 39, "excluded_lines": 0}, "missing_lines": [201, 202, 203, 205, 206, 207, 209, 216, 218, 219, 222, 223, 224, 227, 228, 230, 237, 239, 240, 246, 253, 256, 259, 260, 261, 264, 265, 268, 270, 277, 278, 279, 282, 285, 286, 288, 294, 295, 296], "excluded_lines": []}, "DataModel._calculate_feature_importance": {"executed_lines": [], "summary": {"covered_lines": 0, "num_statements": 10, "percent_covered": 0.0, "percent_covered_display": "0", "missing_lines": 10, "excluded_lines": 0}, "missing_lines": [311, 312, 314, 315, 317, 318, 320, 321, 322, 327], "excluded_lines": []}, "DataModel.get_feature_importance": {"executed_lines": [], "summary": {"covered_lines": 0, "num_statements": 24, "percent_covered": 0.0, "percent_covered_display": "0", "missing_lines": 24, "excluded_lines": 0}, "missing_lines": [346, 348, 349, 350, 351, 357, 364, 365, 368, 369, 372, 373, 374, 375, 377, 378, 379, 380, 382, 385, 386, 387, 390, 392], "excluded_lines": []}, "DataModel.predict_future": {"executed_lines": [], "summary": {"covered_lines": 0, "num_statements": 20, "percent_covered": 0.0, "percent_covered_display": "0", "missing_lines": 20, "excluded_lines": 0}, "missing_lines": [416, 417, 418, 419, 424, 426, 427, 430, 431, 434, 437, 445, 448, 451, 452, 453, 459, 466, 467, 468], "excluded_lines": []}, "DataModel.get_model_metrics": {"executed_lines": [], "summary": {"covered_lines": 0, "num_statements": 43, "percent_covered": 0.0, "percent_covered_display": "0", "missing_lines": 43, "excluded_lines": 0}, "missing_lines": [484, 486, 487, 488, 489, 494, 497, 498, 500, 501, 502, 503, 504, 505, 506, 507, 508, 509, 511, 519, 520, 523, 524, 527, 528, 529, 530, 533, 534, 535, 538, 539, 541, 542, 543, 544, 545, 546, 547, 548, 549, 550, 552], "excluded_lines": []}, "DataModel.compare_countries": {"executed_lines": [], "summary": {"covered_lines": 0, "num_statements": 25, "percent_covered": 0.0, "percent_covered_display": "0", "missing_lines": 25, "excluded_lines": 0}, "missing_lines": [569, 570, 575, 577, 578, 579, 582, 583, 585, 586, 591, 594, 595, 598, 599, 601, 604, 605, 606, 607, 608, 610, 621, 622, 623], "excluded_lines": []}, "": {"executed_lines": [], "summary": {"covered_lines": 0, "num_statements": 25, "percent_covered": 0.0, "percent_covered_display": "0", "missing_lines": 25, "excluded_lines": 0}, "missing_lines": [1, 2, 3, 4, 5, 6, 7, 8, 9, 10, 11, 12, 15, 28, 49, 83, 112, 124, 151, 189, 301, 335, 404, 473, 559], "excluded_lines": []}}, "classes": {"DataModel": {"executed_lines": [], "summary": {"covered_lines": 0, "num_statements": 208, "percent_covered": 0.0, "percent_covered_display": "0", "missing_lines": 208, "excluded_lines": 0}, "missing_lines": [35, 36, 37, 38, 39, 40, 41, 44, 47, 56, 58, 61, 64, 67, 68, 72, 73, 76, 78, 79, 80, 81, 87, 88, 91, 94, 97, 105, 110, 119, 120, 122, 134, 135, 138, 141, 142, 143, 149, 158, 159, 162, 165, 166, 168, 169, 171, 201, 202, 203, 205, 206, 207, 209, 216, 218, 219, 222, 223, 224, 227, 228, 230, 237, 239, 240, 246, 253, 256, 259, 260, 261, 264, 265, 268, 270, 277, 278, 279, 282, 285, 286, 288, 294, 295, 296, 311, 312, 314, 315, 317, 318, 320, 321, 322, 327, 346, 348, 349, 350, 351, 357, 364, 365, 368, 369, 372, 373, 374, 375, 377, 378, 379, 380, 382, 385, 386, 387, 390, 392, 416, 417, 418, 419, 424, 426, 427, 430, 431, 434, 437, 445, 448, 451, 452, 453, 459, 466, 467, 468, 484, 486, 487, 488, 489, 494, 497, 498, 500, 501, 502, 503, 504, 505, 506, 507, 508, 509, 511, 519, 520, 523, 524, 527, 528, 529, 530, 533, 534, 535, 538, 539, 541, 542, 543, 544, 545, 546, 547, 548, 549, 550, 552, 569, 570, 575, 577, 578, 579, 582, 583, 585, 586, 591, 594, 595, 598, 599, 601, 604, 605, 606, 607, 608, 610, 621, 622, 623], "excluded_lines": []}, "": {"executed_lines": [], "summary": {"covered_lines": 0, "num_statements": 25, "percent_covered": 0.0, "percent_covered_display": "0", "missing_lines": 25, "excluded_lines": 0}, "missing_lines": [1, 2, 3, 4, 5, 6, 7, 8, 9, 10, 11, 12, 15, 28, 49, 83, 112, 124, 151, 189, 301, 335, 404, 473, 559], "excluded_lines": []}}}, "app\\data_service.py": {"executed_lines": [1, 6, 7, 8, 9, 10, 11, 12, 13, 14, 15, 16, 17, 20, 21, 22, 27, 35, 37, 38, 43, 52, 53, 56, 59, 67, 73, 76, 77, 78, 81, 82, 83, 84, 85, 86, 89, 96, 97, 103, 104, 105, 106, 107, 108, 111, 112, 113, 114, 115, 116, 117, 119, 123, 125, 147, 149, 150, 151, 152, 153, 154, 163, 164, 167, 169, 170, 173, 174, 176, 177, 182, 188, 189, 191, 192, 197, 198, 199, 202, 203, 206, 208, 209, 210, 211, 213, 214, 216, 220, 222, 225, 227, 251, 253, 255, 258, 261, 262, 263, 264, 265, 269, 272, 273, 276, 277, 278, 281, 283, 284, 285, 286, 287, 288, 290, 297, 299, 300, 301, 307, 312, 313, 314, 318, 319, 321, 324, 325, 334, 338, 345, 355, 356, 358, 359, 360, 361, 362, 384, 385, 388, 391, 392, 393, 396, 399, 403, 404, 405, 408, 409, 412, 413, 416, 417, 420, 421, 422, 424, 425, 426, 427, 430, 431, 433, 434, 435, 447, 448, 449, 455, 468, 470, 477, 479, 492, 493, 494, 496, 498, 501, 504, 517, 522, 531, 541, 542, 544, 546, 549, 550, 553, 554, 555, 559, 560, 565, 572, 574, 593, 598, 615, 616, 617, 620, 622, 623, 624, 625, 631, 634, 639, 640, 642, 647, 653, 654, 655, 656, 657, 660, 661, 662, 663, 664, 667, 669, 680, 691, 703, 705, 719, 726, 728, 731, 733, 734, 736, 737, 740, 744, 745, 746, 747, 748, 750, 760, 762, 763, 765, 766, 770, 771, 777, 780, 781, 782, 785, 786, 788, 789, 790, 792, 793, 794, 795, 796, 798, 804, 814, 815, 816, 818, 820, 823, 824, 827, 829, 831, 832, 833, 835, 836, 839, 841, 844, 846, 926, 929, 934, 935, 936, 939, 942, 945, 946, 947, 948, 950, 951, 955, 956, 958, 964, 965, 966, 967, 968, 969, 970, 971, 1040, 1041, 1042, 1048, 1049, 1050, 1052, 1064, 1065, 1084, 1087, 1103, 1110, 1112, 1122, 1123, 1124, 1127, 1134, 1135, 1136, 1144, 1147, 1148, 1149, 1150, 1151, 1217, 1220, 1221, 1222, 1224, 1232, 1233, 1248, 1250, 1274, 1284, 1286, 1287, 1288, 1289, 1290, 1294, 1295, 1296, 1308, 1311, 1312, 1315, 1317, 1331, 1333, 1336, 1340, 1341, 1342, 1343, 1346, 1349, 1352, 1355, 1356, 1357, 1358, 1374, 1375, 1378, 1379, 1380, 1387, 1394, 1409, 1410, 1415, 1416, 1417, 1425, 1437, 1438, 1439, 1445, 1483, 1493, 1495, 1498, 1499, 1500, 1501, 1502, 1506, 1510, 1513, 1514, 1517, 1519, 1522, 1523, 1529, 1535, 1536, 1537, 1539, 1548, 1549, 1552, 1553, 1554, 1559, 1576, 1591, 1592, 1593, 1595, 1597, 1603, 1604, 1610, 1611, 1612, 1615, 1616, 1629, 1631, 1632, 1635, 1637, 1638, 1639, 1641, 1642, 1645, 1651, 1652, 1657, 1665, 1670, 1674, 1676, 1679, 1688, 1689, 1692, 1693, 1696, 1697, 1698, 1700, 1705, 1706, 1709, 1711, 1712, 1713, 1747, 1749, 1750, 1758, 1760, 1765, 1770, 1771, 1772, 1774, 1775, 1778, 1779, 1782, 1787, 1791, 1792, 1793, 1794, 1797, 1800, 1802, 1817, 1860, 1864, 1867, 1870, 1871, 1872, 1875, 1881, 1892, 1894, 1896, 1903, 1916, 1917, 1918, 1921, 1922, 1923, 1924, 1926, 1928, 1929, 1930, 1931, 1941, 1943, 1951, 1962, 1964, 1966, 1967, 1969, 1977, 1978, 1979, 1985, 1986, 1993, 1994, 1996, 1997, 2002, 2007, 2018, 2019], "summary": {"covered_lines": 532, "num_statements": 965, "percent_covered": 55.129533678756474, "percent_covered_display": "55", "missing_lines": 433, "excluded_lines": 0}, "missing_lines": [23, 24, 90, 91, 92, 93, 94, 99, 100, 101, 127, 128, 130, 131, 132, 135, 136, 137, 138, 139, 140, 142, 144, 155, 156, 157, 158, 159, 160, 178, 179, 180, 184, 185, 194, 229, 230, 232, 233, 235, 237, 238, 239, 240, 241, 243, 244, 245, 247, 248, 303, 304, 308, 309, 335, 336, 339, 340, 341, 363, 365, 366, 368, 370, 371, 373, 374, 375, 376, 378, 379, 380, 381, 382, 436, 437, 438, 440, 441, 442, 443, 444, 458, 459, 460, 466, 527, 528, 529, 556, 561, 562, 563, 575, 576, 594, 595, 599, 600, 626, 627, 628, 629, 635, 636, 637, 713, 714, 715, 716, 717, 741, 767, 773, 774, 775, 857, 858, 862, 863, 866, 869, 870, 871, 873, 874, 876, 878, 881, 882, 883, 884, 885, 887, 889, 890, 891, 892, 894, 895, 896, 897, 899, 900, 903, 904, 907, 908, 910, 913, 930, 931, 961, 973, 974, 975, 976, 977, 978, 980, 981, 982, 983, 984, 985, 986, 987, 991, 992, 993, 994, 995, 996, 999, 1000, 1001, 1004, 1007, 1009, 1010, 1011, 1014, 1015, 1016, 1017, 1018, 1020, 1022, 1023, 1024, 1025, 1027, 1028, 1029, 1030, 1032, 1033, 1035, 1036, 1037, 1044, 1045, 1067, 1069, 1070, 1072, 1094, 1095, 1096, 1097, 1098, 1113, 1114, 1128, 1129, 1130, 1131, 1153, 1154, 1155, 1156, 1157, 1158, 1159, 1160, 1161, 1162, 1163, 1164, 1168, 1171, 1172, 1173, 1174, 1175, 1178, 1179, 1180, 1183, 1186, 1187, 1188, 1189, 1192, 1195, 1196, 1197, 1198, 1199, 1201, 1203, 1204, 1205, 1206, 1208, 1209, 1210, 1211, 1213, 1214, 1235, 1237, 1238, 1239, 1257, 1258, 1259, 1265, 1266, 1267, 1292, 1318, 1319, 1337, 1359, 1360, 1361, 1362, 1363, 1364, 1365, 1366, 1367, 1368, 1370, 1371, 1376, 1383, 1384, 1388, 1390, 1391, 1392, 1395, 1396, 1412, 1418, 1419, 1421, 1422, 1440, 1441, 1443, 1451, 1452, 1453, 1454, 1456, 1468, 1469, 1470, 1471, 1472, 1504, 1507, 1508, 1526, 1530, 1531, 1532, 1544, 1546, 1556, 1557, 1564, 1565, 1567, 1568, 1570, 1598, 1599, 1600, 1605, 1606, 1608, 1617, 1620, 1621, 1623, 1626, 1627, 1644, 1646, 1648, 1649, 1655, 1658, 1659, 1661, 1662, 1666, 1667, 1671, 1672, 1681, 1682, 1701, 1714, 1716, 1717, 1718, 1720, 1721, 1722, 1725, 1727, 1730, 1732, 1733, 1734, 1736, 1739, 1740, 1742, 1743, 1745, 1751, 1753, 1754, 1755, 1761, 1762, 1766, 1767, 1783, 1784, 1803, 1806, 1808, 1809, 1810, 1813, 1814, 1815, 1819, 1821, 1822, 1825, 1826, 1827, 1828, 1829, 1830, 1833, 1835, 1836, 1838, 1841, 1843, 1846, 1847, 1848, 1851, 1852, 1854, 1857, 1861, 1865, 1876, 1877, 1878, 1897, 1898, 1899, 1900, 1901, 1947, 1948, 1949, 1987, 2003, 2004, 2005], "excluded_lines": [], "functions": {"DataService.__init__": {"executed_lines": [52, 53, 56, 59, 67, 73, 76, 77, 78, 81, 82, 83, 84, 85, 86, 89, 96, 97, 103, 104, 105, 106, 107, 108, 111, 112, 113, 114, 115, 116, 117], "summary": {"covered_lines": 31, "num_statements": 39, "percent_covered": 79.48717948717949, "percent_covered_display": "79", "missing_lines": 8, "excluded_lines": 0}, "missing_lines": [90, 91, 92, 93, 94, 99, 100, 101], "excluded_lines": []}, "DataService._load_data": {"executed_lines": [123, 125, 147, 149, 150, 151, 152, 153, 154, 163, 164, 167, 169, 170, 173, 174, 176, 177, 182, 188, 189, 191, 192, 197, 198, 199, 202, 203, 206, 208, 209, 210, 211, 213, 214], "summary": {"covered_lines": 35, "num_statements": 60, "percent_covered": 58.333333333333336, "percent_covered_display": "58", "missing_lines": 25, "excluded_lines": 0}, "missing_lines": [127, 128, 130, 131, 132, 135, 136, 137, 138, 139, 140, 142, 144, 155, 156, 157, 158, 159, 160, 178, 179, 180, 184, 185, 194], "excluded_lines": []}, "DataService._preprocess_data": {"executed_lines": [220, 222, 225, 227, 251, 253, 255, 258, 261, 262, 263, 264, 265, 269, 272, 273, 276, 277, 278, 281, 283, 284, 285, 286, 287, 288], "summary": {"covered_lines": 26, "num_statements": 41, "percent_covered": 63.41463414634146, "percent_covered_display": "63", "missing_lines": 15, "excluded_lines": 0}, "missing_lines": [229, 230, 232, 233, 235, 237, 238, 239, 240, 241, 243, 244, 245, 247, 248], "excluded_lines": []}, "DataService._melt_data": {"executed_lines": [297, 299, 300, 301, 307, 312, 313, 314, 318, 319, 321, 324, 325, 334, 338, 345, 355, 356, 358, 384, 385, 388, 391, 392, 393, 396, 399, 403, 404, 405, 408, 409, 412, 413, 416, 417, 420, 421, 422, 424, 425, 426, 427, 430, 431, 433, 434, 435, 447, 448, 449, 455, 468], "summary": {"covered_lines": 53, "num_statements": 74, "percent_covered": 71.62162162162163, "percent_covered_display": "72", "missing_lines": 21, "excluded_lines": 0}, "missing_lines": [303, 304, 308, 309, 335, 336, 339, 340, 341, 436, 437, 438, 440, 441, 442, 443, 444, 458, 459, 460, 466], "excluded_lines": []}, "DataService._melt_data.convert_yr_to_numeric": {"executed_lines": [359, 360, 361, 362], "summary": {"covered_lines": 4, "num_statements": 19, "percent_covered": 21.05263157894737, "percent_covered_display": "21", "missing_lines": 15, "excluded_lines": 0}, "missing_lines": [363, 365, 366, 368, 370, 371, 373, 374, 375, 376, 378, 379, 380, 381, 382], "excluded_lines": []}, "DataService.get_countries": {"executed_lines": [477], "summary": {"covered_lines": 1, "num_statements": 1, "percent_covered": 100.0, "percent_covered_display": "100", "missing_lines": 0, "excluded_lines": 0}, "missing_lines": [], "excluded_lines": []}, "DataService.get_country_data": {"executed_lines": [492, 493, 494, 496, 498, 501, 504, 517, 522], "summary": {"covered_lines": 9, "num_statements": 12, "percent_covered": 75.0, "percent_covered_display": "75", "missing_lines": 3, "excluded_lines": 0}, "missing_lines": [527, 528, 529], "excluded_lines": []}, "DataService._calculate_trend": {"executed_lines": [541, 542, 544, 546, 549, 550, 553, 554, 555, 559, 560], "summary": {"covered_lines": 11, "num_statements": 15, "percent_covered": 73.33333333333333, "percent_covered_display": "73", "missing_lines": 4, "excluded_lines": 0}, "missing_lines": [556, 561, 562, 563], "excluded_lines": []}, "DataService.get_data_overview": {"executed_lines": [572, 574, 593, 598, 615, 616, 617, 620, 622, 623, 624, 625, 631, 634, 639, 640, 642, 647, 653, 654, 655, 656, 657, 660, 661, 662, 663, 664, 667, 669, 680, 691, 703, 705], "summary": {"covered_lines": 34, "num_statements": 52, "percent_covered": 65.38461538461539, "percent_covered_display": "65", "missing_lines": 18, "excluded_lines": 0}, "missing_lines": [575, 576, 594, 595, 599, 600, 626, 627, 628, 629, 635, 636, 637, 713, 714, 715, 716, 717], "excluded_lines": []}, "DataService._calculate_global_trend": {"executed_lines": [726, 728, 731, 733, 734, 736, 737, 740, 744, 745, 746, 747, 748], "summary": {"covered_lines": 13, "num_statements": 14, "percent_covered": 92.85714285714286, "percent_covered_display": "93", "missing_lines": 1, "excluded_lines": 0}, "missing_lines": [741], "excluded_lines": []}, "DataService.train_model": {"executed_lines": [760, 762, 763, 765, 766, 770, 771, 777, 780, 781, 782, 785, 786, 788, 789, 790, 792, 793, 794, 795, 796, 798], "summary": {"covered_lines": 22, "num_statements": 26, "percent_covered": 84.61538461538461, "percent_covered_display": "85", "missing_lines": 4, "excluded_lines": 0}, "missing_lines": [767, 773, 774, 775], "excluded_lines": []}, "DataService._train_country_model": {"executed_lines": [814, 815, 816, 818, 820, 823, 824, 827, 829, 831, 832, 833, 835, 836, 839, 841, 844, 846, 926, 929, 934, 935, 936, 939, 942, 945, 946, 947, 948, 950, 951, 955, 956, 958, 964, 965, 966, 967, 968, 969, 970, 971, 1040, 1041, 1042, 1048, 1049, 1050, 1052, 1064, 1065, 1084, 1087], "summary": {"covered_lines": 53, "num_statements": 148, "percent_covered": 35.810810810810814, "percent_covered_display": "36", "missing_lines": 95, "excluded_lines": 0}, "missing_lines": [857, 858, 862, 863, 866, 869, 870, 871, 873, 874, 876, 878, 881, 882, 883, 884, 885, 887, 889, 890, 891, 892, 894, 895, 896, 897, 899, 900, 903, 904, 907, 908, 910, 913, 930, 931, 961, 973, 974, 975, 976, 977, 978, 980, 981, 982, 983, 984, 985, 986, 987, 991, 992, 993, 994, 995, 996, 999, 1000, 1001, 1004, 1007, 1009, 1010, 1011, 1014, 1015, 1016, 1017, 1018, 1020, 1022, 1023, 1024, 1025, 1027, 1028, 1029, 1030, 1032, 1033, 1035, 1036, 1037, 1044, 1045, 1067, 1069, 1070, 1072, 1094, 1095, 1096, 1097, 1098], "excluded_lines": []}, "DataService._train_general_model": {"executed_lines": [1110, 1112, 1122, 1123, 1124, 1127, 1134, 1135, 1136, 1144, 1147, 1148, 1149, 1150, 1151, 1217, 1220, 1221, 1222, 1224, 1232, 1233, 1248, 1250], "summary": {"covered_lines": 24, "num_statements": 83, "percent_covered": 28.91566265060241, "percent_covered_display": "29", "missing_lines": 59, "excluded_lines": 0}, "missing_lines": [1113, 1114, 1128, 1129, 1130, 1131, 1153, 1154, 1155, 1156, 1157, 1158, 1159, 1160, 1161, 1162, 1163, 1164, 1168, 1171, 1172, 1173, 1174, 1175, 1178, 1179, 1180, 1183, 1186, 1187, 1188, 1189, 1192, 1195, 1196, 1197, 1198, 1199, 1201, 1203, 1204, 1205, 1206, 1208, 1209, 1210, 1211, 1213, 1214, 1235, 1237, 1238, 1239, 1257, 1258, 1259, 1265, 1266, 1267], "excluded_lines": []}, "DataService.get_model_metrics": {"executed_lines": [1284, 1286, 1287, 1288, 1289, 1290, 1294, 1295, 1296, 1308, 1311, 1312, 1315, 1317, 1331, 1333, 1336, 1340, 1341, 1342, 1343, 1346, 1349, 1352, 1355, 1356, 1357, 1358, 1374, 1375, 1378, 1379, 1380, 1387, 1394, 1409, 1410, 1415, 1416, 1417, 1425, 1437, 1438, 1439, 1445], "summary": {"covered_lines": 45, "num_statements": 88, "percent_covered": 51.13636363636363, "percent_covered_display": "51", "missing_lines": 43, "excluded_lines": 0}, "missing_lines": [1292, 1318, 1319, 1337, 1359, 1360, 1361, 1362, 1363, 1364, 1365, 1366, 1367, 1368, 1370, 1371, 1376, 1383, 1384, 1388, 1390, 1391, 1392, 1395, 1396, 1412, 1418, 1419, 1421, 1422, 1440, 1441, 1443, 1451, 1452, 1453, 1454, 1456, 1468, 1469, 1470, 1471, 1472], "excluded_lines": []}, "DataService.get_feature_importance": {"executed_lines": [1493, 1495, 1498, 1499, 1500, 1501, 1502, 1506, 1510, 1513, 1514, 1517, 1519, 1522, 1523, 1529, 1535, 1536, 1537, 1539, 1548, 1549, 1552, 1553, 1554, 1559], "summary": {"covered_lines": 26, "num_statements": 42, "percent_covered": 61.904761904761905, "percent_covered_display": "62", "missing_lines": 16, "excluded_lines": 0}, "missing_lines": [1504, 1507, 1508, 1526, 1530, 1531, 1532, 1544, 1546, 1556, 1557, 1564, 1565, 1567, 1568, 1570], "excluded_lines": []}, "DataService.predict_future": {"executed_lines": [1591, 1592, 1593, 1595, 1597, 1603, 1604, 1610, 1611, 1612, 1615, 1616, 1629, 1631, 1632, 1635, 1637, 1638, 1639, 1641, 1642, 1645, 1651, 1652, 1657, 1665, 1670, 1674, 1676, 1679, 1688, 1689, 1692, 1693, 1696, 1697, 1698, 1700, 1705, 1706, 1709, 1711, 1712, 1713, 1747, 1749, 1750, 1758, 1760, 1765, 1770, 1771, 1772, 1774, 1775, 1778, 1779, 1782, 1787, 1791, 1792, 1793, 1794, 1797, 1800, 1802, 1817, 1860, 1864, 1867, 1870, 1871, 1872, 1875, 1881, 1892, 1894, 1896], "summary": {"covered_lines": 78, "num_statements": 175, "percent_covered": 44.57142857142857, "percent_covered_display": "45", "missing_lines": 97, "excluded_lines": 0}, "missing_lines": [1598, 1599, 1600, 1605, 1606, 1608, 1617, 1620, 1621, 1623, 1626, 1627, 1644, 1646, 1648, 1649, 1655, 1658, 1659, 1661, 1662, 1666, 1667, 1671, 1672, 1681, 1682, 1701, 1714, 1716, 1717, 1718, 1720, 1721, 1722, 1725, 1727, 1730, 1732, 1733, 1734, 1736, 1739, 1740, 1742, 1743, 1745, 1751, 1753, 1754, 1755, 1761, 1762, 1766, 1767, 1783, 1784, 1803, 1806, 1808, 1809, 1810, 1813, 1814, 1815, 1819, 1821, 1822, 1825, 1826, 1827, 1828, 1829, 1830, 1833, 1835, 1836, 1838, 1841, 1843, 1846, 1847, 1848, 1851, 1852, 1854, 1857, 1861, 1865, 1876, 1877, 1878, 1897, 1898, 1899, 1900, 1901], "excluded_lines": []}, "DataService.get_countries_comparison": {"executed_lines": [1916, 1917, 1918, 1921, 1922, 1923, 1924, 1926, 1928, 1929, 1930, 1931, 1941, 1943], "summary": {"covered_lines": 14, "num_statements": 17, "percent_covered": 82.3529411764706, "percent_covered_display": "82", "missing_lines": 3, "excluded_lines": 0}, "missing_lines": [1947, 1948, 1949], "excluded_lines": []}, "DataService._generate_comparison_analysis": {"executed_lines": [1962, 1964, 1966, 1967, 1969, 1977, 1978, 1979, 1985, 1986, 1993, 1994, 1996, 1997, 2002], "summary": {"covered_lines": 15, "num_statements": 19, "percent_covered": 78.94736842105263, "percent_covered_display": "79", "missing_lines": 4, "excluded_lines": 0}, "missing_lines": [1987, 2003, 2004, 2005], "excluded_lines": []}, "DataService.get_cached_prediction": {"executed_lines": [2018, 2019], "summary": {"covered_lines": 2, "num_statements": 2, "percent_covered": 100.0, "percent_covered_display": "100", "missing_lines": 0, "excluded_lines": 0}, "missing_lines": [], "excluded_lines": []}, "": {"executed_lines": [1, 6, 7, 8, 9, 10, 11, 12, 13, 14, 15, 16, 17, 20, 21, 22, 27, 35, 37, 38, 43, 119, 216, 290, 470, 479, 531, 565, 719, 750, 804, 1103, 1274, 1483, 1576, 1903, 1951, 2007], "summary": {"covered_lines": 36, "num_statements": 38, "percent_covered": 94.73684210526316, "percent_covered_display": "95", "missing_lines": 2, "excluded_lines": 0}, "missing_lines": [23, 24], "excluded_lines": []}}, "classes": {"DataService": {"executed_lines": [52, 53, 56, 59, 67, 73, 76, 77, 78, 81, 82, 83, 84, 85, 86, 89, 96, 97, 103, 104, 105, 106, 107, 108, 111, 112, 113, 114, 115, 116, 117, 123, 125, 147, 149, 150, 151, 152, 153, 154, 163, 164, 167, 169, 170, 173, 174, 176, 177, 182, 188, 189, 191, 192, 197, 198, 199, 202, 203, 206, 208, 209, 210, 211, 213, 214, 220, 222, 225, 227, 251, 253, 255, 258, 261, 262, 263, 264, 265, 269, 272, 273, 276, 277, 278, 281, 283, 284, 285, 286, 287, 288, 297, 299, 300, 301, 307, 312, 313, 314, 318, 319, 321, 324, 325, 334, 338, 345, 355, 356, 358, 359, 360, 361, 362, 384, 385, 388, 391, 392, 393, 396, 399, 403, 404, 405, 408, 409, 412, 413, 416, 417, 420, 421, 422, 424, 425, 426, 427, 430, 431, 433, 434, 435, 447, 448, 449, 455, 468, 477, 492, 493, 494, 496, 498, 501, 504, 517, 522, 541, 542, 544, 546, 549, 550, 553, 554, 555, 559, 560, 572, 574, 593, 598, 615, 616, 617, 620, 622, 623, 624, 625, 631, 634, 639, 640, 642, 647, 653, 654, 655, 656, 657, 660, 661, 662, 663, 664, 667, 669, 680, 691, 703, 705, 726, 728, 731, 733, 734, 736, 737, 740, 744, 745, 746, 747, 748, 760, 762, 763, 765, 766, 770, 771, 777, 780, 781, 782, 785, 786, 788, 789, 790, 792, 793, 794, 795, 796, 798, 814, 815, 816, 818, 820, 823, 824, 827, 829, 831, 832, 833, 835, 836, 839, 841, 844, 846, 926, 929, 934, 935, 936, 939, 942, 945, 946, 947, 948, 950, 951, 955, 956, 958, 964, 965, 966, 967, 968, 969, 970, 971, 1040, 1041, 1042, 1048, 1049, 1050, 1052, 1064, 1065, 1084, 1087, 1110, 1112, 1122, 1123, 1124, 1127, 1134, 1135, 1136, 1144, 1147, 1148, 1149, 1150, 1151, 1217, 1220, 1221, 1222, 1224, 1232, 1233, 1248, 1250, 1284, 1286, 1287, 1288, 1289, 1290, 1294, 1295, 1296, 1308, 1311, 1312, 1315, 1317, 1331, 1333, 1336, 1340, 1341, 1342, 1343, 1346, 1349, 1352, 1355, 1356, 1357, 1358, 1374, 1375, 1378, 1379, 1380, 1387, 1394, 1409, 1410, 1415, 1416, 1417, 1425, 1437, 1438, 1439, 1445, 1493, 1495, 1498, 1499, 1500, 1501, 1502, 1506, 1510, 1513, 1514, 1517, 1519, 1522, 1523, 1529, 1535, 1536, 1537, 1539, 1548, 1549, 1552, 1553, 1554, 1559, 1591, 1592, 1593, 1595, 1597, 1603, 1604, 1610, 1611, 1612, 1615, 1616, 1629, 1631, 1632, 1635, 1637, 1638, 1639, 1641, 1642, 1645, 1651, 1652, 1657, 1665, 1670, 1674, 1676, 1679, 1688, 1689, 1692, 1693, 1696, 1697, 1698, 1700, 1705, 1706, 1709, 1711, 1712, 1713, 1747, 1749, 1750, 1758, 1760, 1765, 1770, 1771, 1772, 1774, 1775, 1778, 1779, 1782, 1787, 1791, 1792, 1793, 1794, 1797, 1800, 1802, 1817, 1860, 1864, 1867, 1870, 1871, 1872, 1875, 1881, 1892, 1894, 1896, 1916, 1917, 1918, 1921, 1922, 1923, 1924, 1926, 1928, 1929, 1930, 1931, 1941, 1943, 1962, 1964, 1966, 1967, 1969, 1977, 1978, 1979, 1985, 1986, 1993, 1994, 1996, 1997, 2002, 2018, 2019], "summary": {"covered_lines": 496, "num_statements": 927, "percent_covered": 53.5059331175836, "percent_covered_display": "54", "missing_lines": 431, "excluded_lines": 0}, "missing_lines": [90, 91, 92, 93, 94, 99, 100, 101, 127, 128, 130, 131, 132, 135, 136, 137, 138, 139, 140, 142, 144, 155, 156, 157, 158, 159, 160, 178, 179, 180, 184, 185, 194, 229, 230, 232, 233, 235, 237, 238, 239, 240, 241, 243, 244, 245, 247, 248, 303, 304, 308, 309, 335, 336, 339, 340, 341, 363, 365, 366, 368, 370, 371, 373, 374, 375, 376, 378, 379, 380, 381, 382, 436, 437, 438, 440, 441, 442, 443, 444, 458, 459, 460, 466, 527, 528, 529, 556, 561, 562, 563, 575, 576, 594, 595, 599, 600, 626, 627, 628, 629, 635, 636, 637, 713, 714, 715, 716, 717, 741, 767, 773, 774, 775, 857, 858, 862, 863, 866, 869, 870, 871, 873, 874, 876, 878, 881, 882, 883, 884, 885, 887, 889, 890, 891, 892, 894, 895, 896, 897, 899, 900, 903, 904, 907, 908, 910, 913, 930, 931, 961, 973, 974, 975, 976, 977, 978, 980, 981, 982, 983, 984, 985, 986, 987, 991, 992, 993, 994, 995, 996, 999, 1000, 1001, 1004, 1007, 1009, 1010, 1011, 1014, 1015, 1016, 1017, 1018, 1020, 1022, 1023, 1024, 1025, 1027, 1028, 1029, 1030, 1032, 1033, 1035, 1036, 1037, 1044, 1045, 1067, 1069, 1070, 1072, 1094, 1095, 1096, 1097, 1098, 1113, 1114, 1128, 1129, 1130, 1131, 1153, 1154, 1155, 1156, 1157, 1158, 1159, 1160, 1161, 1162, 1163, 1164, 1168, 1171, 1172, 1173, 1174, 1175, 1178, 1179, 1180, 1183, 1186, 1187, 1188, 1189, 1192, 1195, 1196, 1197, 1198, 1199, 1201, 1203, 1204, 1205, 1206, 1208, 1209, 1210, 1211, 1213, 1214, 1235, 1237, 1238, 1239, 1257, 1258, 1259, 1265, 1266, 1267, 1292, 1318, 1319, 1337, 1359, 1360, 1361, 1362, 1363, 1364, 1365, 1366, 1367, 1368, 1370, 1371, 1376, 1383, 1384, 1388, 1390, 1391, 1392, 1395, 1396, 1412, 1418, 1419, 1421, 1422, 1440, 1441, 1443, 1451, 1452, 1453, 1454, 1456, 1468, 1469, 1470, 1471, 1472, 1504, 1507, 1508, 1526, 1530, 1531, 1532, 1544, 1546, 1556, 1557, 1564, 1565, 1567, 1568, 1570, 1598, 1599, 1600, 1605, 1606, 1608, 1617, 1620, 1621, 1623, 1626, 1627, 1644, 1646, 1648, 1649, 1655, 1658, 1659, 1661, 1662, 1666, 1667, 1671, 1672, 1681, 1682, 1701, 1714, 1716, 1717, 1718, 1720, 1721, 1722, 1725, 1727, 1730, 1732, 1733, 1734, 1736, 1739, 1740, 1742, 1743, 1745, 1751, 1753, 1754, 1755, 1761, 1762, 1766, 1767, 1783, 1784, 1803, 1806, 1808, 1809, 1810, 1813, 1814, 1815, 1819, 1821, 1822, 1825, 1826, 1827, 1828, 1829, 1830, 1833, 1835, 1836, 1838, 1841, 1843, 1846, 1847, 1848, 1851, 1852, 1854, 1857, 1861, 1865, 1876, 1877, 1878, 1897, 1898, 1899, 1900, 1901, 1947, 1948, 1949, 1987, 2003, 2004, 2005], "excluded_lines": []}, "": {"executed_lines": [1, 6, 7, 8, 9, 10, 11, 12, 13, 14, 15, 16, 17, 20, 21, 22, 27, 35, 37, 38, 43, 119, 216, 290, 470, 479, 531, 565, 719, 750, 804, 1103, 1274, 1483, 1576, 1903, 1951, 2007], "summary": {"covered_lines": 36, "num_statements": 38, "percent_covered": 94.73684210526316, "percent_covered_display": "95", "missing_lines": 2, "excluded_lines": 0}, "missing_lines": [23, 24], "excluded_lines": []}}}, "app\\data_viewmodel.py": {"executed_lines": [1, 6, 7, 8, 9, 10, 11, 14, 22, 24, 25, 30, 37, 38, 40, 47, 48, 51, 73, 78, 79, 80, 81, 82, 89, 99, 100, 102, 111, 112, 115, 116, 117, 118, 121, 122, 123, 124, 125, 128, 129, 130, 135, 136, 137, 140, 141, 142, 145, 159, 160, 163, 164, 165, 167, 175, 176, 177, 178, 179, 185, 192, 193, 195, 199, 200, 201, 207, 217, 218, 221, 222, 224, 227, 228, 231, 232, 233, 234, 235, 238, 240, 249, 253, 256, 258, 260, 262, 264, 266, 268, 270, 272, 274, 276, 278, 280, 282, 284, 286, 288, 290, 294, 301, 302, 303, 306, 309, 327, 332, 342, 343, 345, 346, 349, 352, 355, 373, 378, 387, 388, 389, 394, 399, 401, 402, 403, 404, 411, 412, 419, 421, 424, 425, 426, 427, 430, 433, 435, 443, 446, 447, 448, 449, 450, 453, 454, 457, 458, 459, 462, 476, 477, 480, 481, 484, 485, 488, 489, 490, 492, 493, 499, 500, 501, 504, 505, 506, 507, 508, 511, 512, 513, 524, 525, 526, 528, 530, 531, 535, 537, 540, 564, 565, 568, 569, 570, 572, 577, 578, 579, 586, 610, 620, 621, 624, 625, 627, 630, 631, 635, 636, 637, 638, 640, 648, 651, 654, 655, 658, 659, 661, 664, 667, 669, 670, 674, 675, 677, 678, 679, 680, 683, 690, 718, 719, 722, 736, 737, 745, 762, 772, 773, 776, 778, 786, 789, 792, 800, 808, 811, 815, 816, 817, 818, 822, 834, 835, 836, 837, 838, 844, 854, 855, 858, 859, 860, 879, 910, 911, 912, 918], "summary": {"covered_lines": 260, "num_statements": 324, "percent_covered": 80.24691358024691, "percent_covered_display": "80", "missing_lines": 64, "excluded_lines": 0}, "missing_lines": [52, 55, 56, 57, 60, 61, 62, 64, 65, 67, 68, 69, 70, 71, 103, 104, 119, 120, 131, 132, 297, 298, 428, 429, 436, 437, 494, 495, 496, 516, 517, 518, 520, 521, 533, 573, 574, 575, 599, 600, 601, 602, 603, 738, 739, 740, 755, 756, 757, 779, 793, 801, 812, 819, 820, 863, 864, 867, 881, 887, 892, 893, 894, 904], "excluded_lines": [], "functions": {"DataViewModel.__init__": {"executed_lines": [37, 38], "summary": {"covered_lines": 2, "num_statements": 2, "percent_covered": 100.0, "percent_covered_display": "100", "missing_lines": 0, "excluded_lines": 0}, "missing_lines": [], "excluded_lines": []}, "DataViewModel.get_countries": {"executed_lines": [47, 48, 51, 73, 78, 79, 80, 81, 82], "summary": {"covered_lines": 9, "num_statements": 23, "percent_covered": 39.130434782608695, "percent_covered_display": "39", "missing_lines": 14, "excluded_lines": 0}, "missing_lines": [52, 55, 56, 57, 60, 61, 62, 64, 65, 67, 68, 69, 70, 71], "excluded_lines": []}, "DataViewModel.get_country_data": {"executed_lines": [99, 100, 102, 111, 112, 115, 116, 117, 118, 121, 122, 123, 124, 125, 128, 129, 130, 135, 136, 137, 140, 141, 142, 145, 159, 160, 163, 164, 165, 167, 175, 176, 177, 178, 179], "summary": {"covered_lines": 35, "num_statements": 41, "percent_covered": 85.36585365853658, "percent_covered_display": "85", "missing_lines": 6, "excluded_lines": 0}, "missing_lines": [103, 104, 119, 120, 131, 132], "excluded_lines": []}, "DataViewModel.get_data_overview": {"executed_lines": [192, 193, 195, 199, 200, 201], "summary": {"covered_lines": 6, "num_statements": 6, "percent_covered": 100.0, "percent_covered_display": "100", "missing_lines": 0, "excluded_lines": 0}, "missing_lines": [], "excluded_lines": []}, "DataViewModel.get_feature_importance": {"executed_lines": [217, 218, 221, 222, 224, 227, 228, 231, 232, 233, 234, 235, 238, 240, 249, 253, 256, 258, 260, 262, 264, 266, 268, 270, 272, 274, 276, 278, 280, 282, 284, 286, 288, 290, 294, 301, 302, 303, 306, 309, 327, 332, 342, 343, 345, 346, 349, 352, 355, 373, 378, 387, 388, 389], "summary": {"covered_lines": 54, "num_statements": 56, "percent_covered": 96.42857142857143, "percent_covered_display": "96", "missing_lines": 2, "excluded_lines": 0}, "missing_lines": [297, 298], "excluded_lines": []}, "DataViewModel.get_country_prediction": {"executed_lines": [399, 401, 402, 403, 404, 411, 412, 419, 421, 424, 425, 426, 427, 430, 433, 435, 443, 446, 447, 448, 449, 450, 453, 454, 457, 458, 459, 462, 476, 477, 480, 481, 484, 485, 488, 489, 490, 492, 493, 499, 500, 501, 504, 505, 506, 507, 508, 511, 512, 513, 524, 525, 526, 528, 530, 531, 535, 537, 540, 564, 565, 568, 569, 570, 572, 577, 578, 579, 586], "summary": {"covered_lines": 69, "num_statements": 90, "percent_covered": 76.66666666666667, "percent_covered_display": "77", "missing_lines": 21, "excluded_lines": 0}, "missing_lines": [428, 429, 436, 437, 494, 495, 496, 516, 517, 518, 520, 521, 533, 573, 574, 575, 599, 600, 601, 602, 603], "excluded_lines": []}, "DataViewModel.get_model_metrics": {"executed_lines": [620, 621, 624, 625, 627, 630, 631, 635, 636, 637, 638, 640, 648, 651, 654, 655, 658, 659, 661, 664, 667, 669, 670, 674, 675, 677, 678, 679, 680, 683, 690, 718, 719, 722, 736, 737, 745], "summary": {"covered_lines": 37, "num_statements": 43, "percent_covered": 86.04651162790698, "percent_covered_display": "86", "missing_lines": 6, "excluded_lines": 0}, "missing_lines": [738, 739, 740, 755, 756, 757], "excluded_lines": []}, "DataViewModel.train_model": {"executed_lines": [772, 773, 776, 778, 786, 789, 792, 800, 808, 811, 815, 816, 817, 818, 822, 834, 835, 836, 837, 838], "summary": {"covered_lines": 20, "num_statements": 26, "percent_covered": 76.92307692307692, "percent_covered_display": "77", "missing_lines": 6, "excluded_lines": 0}, "missing_lines": [779, 793, 801, 812, 819, 820], "excluded_lines": []}, "DataViewModel.get_countries_comparison": {"executed_lines": [854, 855, 858, 859, 860, 879, 910, 911, 912], "summary": {"covered_lines": 9, "num_statements": 18, "percent_covered": 50.0, "percent_covered_display": "50", "missing_lines": 9, "excluded_lines": 0}, "missing_lines": [863, 864, 867, 881, 887, 892, 893, 894, 904], "excluded_lines": []}, "": {"executed_lines": [1, 6, 7, 8, 9, 10, 11, 14, 22, 24, 25, 30, 40, 89, 185, 207, 394, 610, 762, 844, 918], "summary": {"covered_lines": 19, "num_statements": 19, "percent_covered": 100.0, "percent_covered_display": "100", "missing_lines": 0, "excluded_lines": 0}, "missing_lines": [], "excluded_lines": []}}, "classes": {"DataViewModel": {"executed_lines": [37, 38, 47, 48, 51, 73, 78, 79, 80, 81, 82, 99, 100, 102, 111, 112, 115, 116, 117, 118, 121, 122, 123, 124, 125, 128, 129, 130, 135, 136, 137, 140, 141, 142, 145, 159, 160, 163, 164, 165, 167, 175, 176, 177, 178, 179, 192, 193, 195, 199, 200, 201, 217, 218, 221, 222, 224, 227, 228, 231, 232, 233, 234, 235, 238, 240, 249, 253, 256, 258, 260, 262, 264, 266, 268, 270, 272, 274, 276, 278, 280, 282, 284, 286, 288, 290, 294, 301, 302, 303, 306, 309, 327, 332, 342, 343, 345, 346, 349, 352, 355, 373, 378, 387, 388, 389, 399, 401, 402, 403, 404, 411, 412, 419, 421, 424, 425, 426, 427, 430, 433, 435, 443, 446, 447, 448, 449, 450, 453, 454, 457, 458, 459, 462, 476, 477, 480, 481, 484, 485, 488, 489, 490, 492, 493, 499, 500, 501, 504, 505, 506, 507, 508, 511, 512, 513, 524, 525, 526, 528, 530, 531, 535, 537, 540, 564, 565, 568, 569, 570, 572, 577, 578, 579, 586, 620, 621, 624, 625, 627, 630, 631, 635, 636, 637, 638, 640, 648, 651, 654, 655, 658, 659, 661, 664, 667, 669, 670, 674, 675, 677, 678, 679, 680, 683, 690, 718, 719, 722, 736, 737, 745, 772, 773, 776, 778, 786, 789, 792, 800, 808, 811, 815, 816, 817, 818, 822, 834, 835, 836, 837, 838, 854, 855, 858, 859, 860, 879, 910, 911, 912], "summary": {"covered_lines": 241, "num_statements": 305, "percent_covered": 79.01639344262296, "percent_covered_display": "79", "missing_lines": 64, "excluded_lines": 0}, "missing_lines": [52, 55, 56, 57, 60, 61, 62, 64, 65, 67, 68, 69, 70, 71, 103, 104, 119, 120, 131, 132, 297, 298, 428, 429, 436, 437, 494, 495, 496, 516, 517, 518, 520, 521, 533, 573, 574, 575, 599, 600, 601, 602, 603, 738, 739, 740, 755, 756, 757, 779, 793, 801, 812, 819, 820, 863, 864, 867, 881, 887, 892, 893, 894, 904], "excluded_lines": []}, "": {"executed_lines": [1, 6, 7, 8, 9, 10, 11, 14, 22, 24, 25, 30, 40, 89, 185, 207, 394, 610, 762, 844, 918], "summary": {"covered_lines": 19, "num_statements": 19, "percent_covered": 100.0, "percent_covered_display": "100", "missing_lines": 0, "excluded_lines": 0}, "missing_lines": [], "excluded_lines": []}}}, "app\\models\\__init__.py": {"executed_lines": [1], "summary": {"covered_lines": 0, "num_statements": 0, "percent_covered": 100.0, "percent_covered_display": "100", "missing_lines": 0, "excluded_lines": 0}, "missing_lines": [], "excluded_lines": [], "functions": {"": {"executed_lines": [1], "summary": {"covered_lines": 0, "num_statements": 0, "percent_covered": 100.0, "percent_covered_display": "100", "missing_lines": 0, "excluded_lines": 0}, "missing_lines": [], "excluded_lines": []}}, "classes": {"": {"executed_lines": [1], "summary": {"covered_lines": 0, "num_statements": 0, "percent_covered": 100.0, "percent_covered_display": "100", "missing_lines": 0, "excluded_lines": 0}, "missing_lines": [], "excluded_lines": []}}}, "app\\models\\data_model.py": {"executed_lines": [1, 2, 3, 4, 5, 6, 7, 8, 9, 10, 12, 13, 24, 31, 32, 33, 34, 35, 36, 37, 38, 41, 43, 46, 48, 50, 52, 54, 57, 60, 63, 64, 67, 68, 71, 76, 78, 82, 90, 93, 101, 102, 103, 104, 107, 110, 113, 115, 117, 120, 122, 132, 136, 139, 140, 141, 147, 149, 156, 160, 162, 177, 189, 193, 196, 199, 200, 201, 207, 209, 219, 221, 224, 225, 228, 235, 244, 252, 259, 263, 267, 270, 271, 274, 282, 285, 288, 289, 292, 293, 295, 296, 299, 300, 303, 306, 312, 314, 316, 327, 330, 332, 334, 343, 345, 346, 410, 421, 424, 426, 427, 428, 429, 478, 488, 490, 491, 493, 494, 495, 520, 521, 568, 578, 579, 581, 583, 585, 589, 591, 592, 594, 598, 599, 600, 606, 607, 614, 617, 621, 624, 626, 627, 628, 629, 631, 632, 633, 635, 636, 637, 639, 640, 641, 643], "summary": {"covered_lines": 154, "num_statements": 246, "percent_covered": 62.60162601626016, "percent_covered_display": "63", "missing_lines": 92, "excluded_lines": 0}, "missing_lines": [72, 73, 79, 105, 118, 133, 157, 190, 229, 246, 247, 260, 264, 328, 335, 349, 350, 351, 352, 355, 358, 359, 360, 363, 364, 367, 369, 376, 383, 392, 393, 395, 396, 397, 398, 400, 407, 408, 422, 432, 433, 434, 435, 436, 439, 440, 443, 446, 447, 448, 451, 454, 457, 460, 461, 462, 468, 475, 476, 498, 501, 502, 503, 504, 505, 506, 507, 509, 511, 527, 533, 534, 535, 536, 537, 540, 547, 548, 549, 550, 551, 552, 553, 555, 557, 565, 566, 586, 595, 618, 657, 658], "excluded_lines": [], "functions": {"DataModel.__init__": {"executed_lines": [31, 32, 33, 34, 35, 36, 37, 38, 41, 43, 46, 48], "summary": {"covered_lines": 12, "num_statements": 12, "percent_covered": 100.0, "percent_covered_display": "100", "missing_lines": 0, "excluded_lines": 0}, "missing_lines": [], "excluded_lines": []}, "DataModel.load_data": {"executed_lines": [52, 54, 57, 60, 63, 64, 67, 68, 71], "summary": {"covered_lines": 9, "num_statements": 11, "percent_covered": 81.81818181818181, "percent_covered_display": "82", "missing_lines": 2, "excluded_lines": 0}, "missing_lines": [72, 73], "excluded_lines": []}, "DataModel._melt_data": {"executed_lines": [78, 82, 90, 93, 101, 107, 110, 113], "summary": {"covered_lines": 8, "num_statements": 9, "percent_covered": 88.88888888888889, "percent_covered_display": "89", "missing_lines": 1, "excluded_lines": 0}, "missing_lines": [79], "excluded_lines": []}, "DataModel._melt_data.convert_yr_to_numeric": {"executed_lines": [102, 103, 104], "summary": {"covered_lines": 3, "num_statements": 4, "percent_covered": 75.0, "percent_covered_display": "75", "missing_lines": 1, "excluded_lines": 0}, "missing_lines": [105], "excluded_lines": []}, "DataModel.get_countries": {"executed_lines": [117, 120], "summary": {"covered_lines": 2, "num_statements": 3, "percent_covered": 66.66666666666667, "percent_covered_display": "67", "missing_lines": 1, "excluded_lines": 0}, "missing_lines": [118], "excluded_lines": []}, "DataModel.get_country_data": {"executed_lines": [132, 136, 139, 140, 141, 147], "summary": {"covered_lines": 6, "num_statements": 7, "percent_covered": 85.71428571428571, "percent_covered_display": "86", "missing_lines": 1, "excluded_lines": 0}, "missing_lines": [133], "excluded_lines": []}, "DataModel.get_overview_data": {"executed_lines": [156, 160, 162], "summary": {"covered_lines": 3, "num_statements": 4, "percent_covered": 75.0, "percent_covered_display": "75", "missing_lines": 1, "excluded_lines": 0}, "missing_lines": [157], "excluded_lines": []}, "DataModel.get_top_countries": {"executed_lines": [189, 193, 196, 199, 200, 201, 207], "summary": {"covered_lines": 7, "num_statements": 8, "percent_covered": 87.5, "percent_covered_display": "88", "missing_lines": 1, "excluded_lines": 0}, "missing_lines": [190], "excluded_lines": []}, "DataModel.get_feature_importance": {"executed_lines": [219, 221, 224, 225, 228, 235, 244], "summary": {"covered_lines": 7, "num_statements": 10, "percent_covered": 70.0, "percent_covered_display": "70", "missing_lines": 3, "excluded_lines": 0}, "missing_lines": [229, 246, 247], "excluded_lines": []}, "DataModel.apply_feature_engineering": {"executed_lines": [259, 263, 267, 270, 271, 274, 282, 285, 288, 289, 292, 293, 295, 296, 299, 300, 303, 306, 312, 314], "summary": {"covered_lines": 20, "num_statements": 22, "percent_covered": 90.9090909090909, "percent_covered_display": "91", "missing_lines": 2, "excluded_lines": 0}, "missing_lines": [260, 264], "excluded_lines": []}, "DataModel.train_model": {"executed_lines": [327, 330, 332, 334, 343, 345, 346], "summary": {"covered_lines": 7, "num_statements": 32, "percent_covered": 21.875, "percent_covered_display": "22", "missing_lines": 25, "excluded_lines": 0}, "missing_lines": [328, 335, 349, 350, 351, 352, 355, 358, 359, 360, 363, 364, 367, 369, 376, 383, 392, 393, 395, 396, 397, 398, 400, 407, 408], "excluded_lines": []}, "DataModel.predict_future": {"executed_lines": [421, 424, 426, 427, 428, 429], "summary": {"covered_lines": 6, "num_statements": 27, "percent_covered": 22.22222222222222, "percent_covered_display": "22", "missing_lines": 21, "excluded_lines": 0}, "missing_lines": [422, 432, 433, 434, 435, 436, 439, 440, 443, 446, 447, 448, 451, 454, 457, 460, 461, 462, 468, 475, 476], "excluded_lines": []}, "DataModel.get_model_metrics": {"executed_lines": [488, 490, 491, 493, 494, 495, 520, 521], "summary": {"covered_lines": 8, "num_statements": 36, "percent_covered": 22.22222222222222, "percent_covered_display": "22", "missing_lines": 28, "excluded_lines": 0}, "missing_lines": [498, 501, 502, 503, 504, 505, 506, 507, 509, 511, 527, 533, 534, 535, 536, 537, 540, 547, 548, 549, 550, 551, 552, 553, 555, 557, 565, 566], "excluded_lines": []}, "DataModel.compare_countries": {"executed_lines": [578, 579, 581, 583, 585, 589, 591, 592, 594, 598, 599, 600, 606, 607, 614, 617, 621, 624, 626, 627, 628, 629, 631, 632, 633, 635, 636, 637, 639, 640, 641, 643], "summary": {"covered_lines": 32, "num_statements": 37, "percent_covered": 86.48648648648648, "percent_covered_display": "86", "missing_lines": 5, "excluded_lines": 0}, "missing_lines": [586, 595, 618, 657, 658], "excluded_lines": []}, "": {"executed_lines": [1, 2, 3, 4, 5, 6, 7, 8, 9, 10, 12, 13, 24, 50, 76, 115, 122, 149, 177, 209, 252, 316, 410, 478, 568], "summary": {"covered_lines": 24, "num_statements": 24, "percent_covered": 100.0, "percent_covered_display": "100", "missing_lines": 0, "excluded_lines": 0}, "missing_lines": [], "excluded_lines": []}}, "classes": {"DataModel": {"executed_lines": [31, 32, 33, 34, 35, 36, 37, 38, 41, 43, 46, 48, 52, 54, 57, 60, 63, 64, 67, 68, 71, 78, 82, 90, 93, 101, 102, 103, 104, 107, 110, 113, 117, 120, 132, 136, 139, 140, 141, 147, 156, 160, 162, 189, 193, 196, 199, 200, 201, 207, 219, 221, 224, 225, 228, 235, 244, 259, 263, 267, 270, 271, 274, 282, 285, 288, 289, 292, 293, 295, 296, 299, 300, 303, 306, 312, 314, 327, 330, 332, 334, 343, 345, 346, 421, 424, 426, 427, 428, 429, 488, 490, 491, 493, 494, 495, 520, 521, 578, 579, 581, 583, 585, 589, 591, 592, 594, 598, 599, 600, 606, 607, 614, 617, 621, 624, 626, 627, 628, 629, 631, 632, 633, 635, 636, 637, 639, 640, 641, 643], "summary": {"covered_lines": 130, "num_statements": 222, "percent_covered": 58.55855855855856, "percent_covered_display": "59", "missing_lines": 92, "excluded_lines": 0}, "missing_lines": [72, 73, 79, 105, 118, 133, 157, 190, 229, 246, 247, 260, 264, 328, 335, 349, 350, 351, 352, 355, 358, 359, 360, 363, 364, 367, 369, 376, 383, 392, 393, 395, 396, 397, 398, 400, 407, 408, 422, 432, 433, 434, 435, 436, 439, 440, 443, 446, 447, 448, 451, 454, 457, 460, 461, 462, 468, 475, 476, 498, 501, 502, 503, 504, 505, 506, 507, 509, 511, 527, 533, 534, 535, 536, 537, 540, 547, 548, 549, 550, 551, 552, 553, 555, 557, 565, 566, 586, 595, 618, 657, 658], "excluded_lines": []}, "": {"executed_lines": [1, 2, 3, 4, 5, 6, 7, 8, 9, 10, 12, 13, 24, 50, 76, 115, 122, 149, 177, 209, 252, 316, 410, 478, 568], "summary": {"covered_lines": 24, "num_statements": 24, "percent_covered": 100.0, "percent_covered_display": "100", "missing_lines": 0, "excluded_lines": 0}, "missing_lines": [], "excluded_lines": []}}}, "app\\models\\feature_importance.py": {"executed_lines": [], "summary": {"covered_lines": 0, "num_statements": 67, "percent_covered": 0.0, "percent_covered_display": "0", "missing_lines": 67, "excluded_lines": 0}, "missing_lines": [1, 2, 3, 4, 5, 8, 10, 14, 16, 17, 18, 21, 22, 23, 26, 27, 28, 29, 31, 36, 40, 43, 44, 45, 47, 50, 51, 52, 55, 56, 57, 58, 59, 60, 62, 64, 75, 78, 79, 81, 83, 87, 88, 89, 90, 91, 92, 93, 94, 96, 106, 107, 110, 111, 112, 113, 117, 128, 129, 132, 133, 134, 140, 142, 143, 144, 145], "excluded_lines": [], "functions": {"load_dataset": {"executed_lines": [], "summary": {"covered_lines": 0, "num_statements": 11, "percent_covered": 0.0, "percent_covered_display": "0", "missing_lines": 11, "excluded_lines": 0}, "missing_lines": [14, 16, 17, 18, 21, 22, 23, 26, 27, 28, 29], "excluded_lines": []}, "create_mock_dataset": {"executed_lines": [], "summary": {"covered_lines": 0, "num_statements": 21, "percent_covered": 0.0, "percent_covered_display": "0", "missing_lines": 21, "excluded_lines": 0}, "missing_lines": [36, 40, 43, 44, 45, 47, 50, 51, 52, 55, 56, 57, 58, 59, 60, 62, 64, 75, 78, 79, 81], "excluded_lines": []}, "get_country_list": {"executed_lines": [], "summary": {"covered_lines": 0, "num_statements": 8, "percent_covered": 0.0, "percent_covered_display": "0", "missing_lines": 8, "excluded_lines": 0}, "missing_lines": [87, 88, 89, 90, 91, 92, 93, 94], "excluded_lines": []}, "get_feature_importance": {"executed_lines": [], "summary": {"covered_lines": 0, "num_statements": 17, "percent_covered": 0.0, "percent_covered_display": "0", "missing_lines": 17, "excluded_lines": 0}, "missing_lines": [106, 107, 110, 111, 112, 113, 117, 128, 129, 132, 133, 134, 140, 142, 143, 144, 145], "excluded_lines": []}, "": {"executed_lines": [], "summary": {"covered_lines": 0, "num_statements": 10, "percent_covered": 0.0, "percent_covered_display": "0", "missing_lines": 10, "excluded_lines": 0}, "missing_lines": [1, 2, 3, 4, 5, 8, 10, 31, 83, 96], "excluded_lines": []}}, "classes": {"": {"executed_lines": [], "summary": {"covered_lines": 0, "num_statements": 67, "percent_covered": 0.0, "percent_covered_display": "0", "missing_lines": 67, "excluded_lines": 0}, "missing_lines": [1, 2, 3, 4, 5, 8, 10, 14, 16, 17, 18, 21, 22, 23, 26, 27, 28, 29, 31, 36, 40, 43, 44, 45, 47, 50, 51, 52, 55, 56, 57, 58, 59, 60, 62, 64, 75, 78, 79, 81, 83, 87, 88, 89, 90, 91, 92, 93, 94, 96, 106, 107, 110, 111, 112, 113, 117, 128, 129, 132, 133, 134, 140, 142, 143, 144, 145], "excluded_lines": []}}}, "app\\static\\__init__.py": {"executed_lines": [], "summary": {"covered_lines": 0, "num_statements": 0, "percent_covered": 100.0, "percent_covered_display": "100", "missing_lines": 0, "excluded_lines": 0}, "missing_lines": [], "excluded_lines": [], "functions": {"": {"executed_lines": [], "summary": {"covered_lines": 0, "num_statements": 0, "percent_covered": 100.0, "percent_covered_display": "100", "missing_lines": 0, "excluded_lines": 0}, "missing_lines": [], "excluded_lines": []}}, "classes": {"": {"executed_lines": [], "summary": {"covered_lines": 0, "num_statements": 0, "percent_covered": 100.0, "percent_covered_display": "100", "missing_lines": 0, "excluded_lines": 0}, "missing_lines": [], "excluded_lines": []}}}, "app\\test\\__init__.py": {"executed_lines": [1], "summary": {"covered_lines": 0, "num_statements": 0, "percent_covered": 100.0, "percent_covered_display": "100", "missing_lines": 0, "excluded_lines": 0}, "missing_lines": [], "excluded_lines": [], "functions": {"": {"executed_lines": [1], "summary": {"covered_lines": 0, "num_statements": 0, "percent_covered": 100.0, "percent_covered_display": "100", "missing_lines": 0, "excluded_lines": 0}, "missing_lines": [], "excluded_lines": []}}, "classes": {"": {"executed_lines": [1], "summary": {"covered_lines": 0, "num_statements": 0, "percent_covered": 100.0, "percent_covered_display": "100", "missing_lines": 0, "excluded_lines": 0}, "missing_lines": [], "excluded_lines": []}}}, "app\\test\\conftest.py": {"executed_lines": [1, 7, 8, 9, 10, 11, 12, 13, 16, 17, 27, 28, 49, 50, 77, 78, 101, 102, 112, 113, 118, 119, 120], "summary": {"covered_lines": 22, "num_statements": 37, "percent_covered": 59.45945945945946, "percent_covered_display": "59", "missing_lines": 15, "excluded_lines": 0}, "missing_lines": [21, 22, 23, 24, 32, 33, 44, 45, 46, 54, 82, 83, 84, 98, 106], "excluded_lines": [], "functions": {"temp_dir": {"executed_lines": [], "summary": {"covered_lines": 0, "num_statements": 4, "percent_covered": 0.0, "percent_covered_display": "0", "missing_lines": 4, "excluded_lines": 0}, "missing_lines": [21, 22, 23, 24], "excluded_lines": []}, "sample_csv_data": {"executed_lines": [], "summary": {"covered_lines": 0, "num_statements": 5, "percent_covered": 0.0, "percent_covered_display": "0", "missing_lines": 5, "excluded_lines": 0}, "missing_lines": [32, 33, 44, 45, 46], "excluded_lines": []}, "sample_country_data": {"executed_lines": [], "summary": {"covered_lines": 0, "num_statements": 1, "percent_covered": 0.0, "percent_covered_display": "0", "missing_lines": 1, "excluded_lines": 0}, "missing_lines": [54], "excluded_lines": []}, "mock_data_service": {"executed_lines": [], "summary": {"covered_lines": 0, "num_statements": 4, "percent_covered": 0.0, "percent_covered_display": "0", "missing_lines": 4, "excluded_lines": 0}, "missing_lines": [82, 83, 84, 98], "excluded_lines": []}, "sample_time_series": {"executed_lines": [], "summary": {"covered_lines": 0, "num_statements": 1, "percent_covered": 0.0, "percent_covered_display": "0", "missing_lines": 1, "excluded_lines": 0}, "missing_lines": [106], "excluded_lines": []}, "reset_random_seed": {"executed_lines": [118, 119, 120], "summary": {"covered_lines": 3, "num_statements": 3, "percent_covered": 100.0, "percent_covered_display": "100", "missing_lines": 0, "excluded_lines": 0}, "missing_lines": [], "excluded_lines": []}, "": {"executed_lines": [1, 7, 8, 9, 10, 11, 12, 13, 16, 17, 27, 28, 49, 50, 77, 78, 101, 102, 112, 113], "summary": {"covered_lines": 19, "num_statements": 19, "percent_covered": 100.0, "percent_covered_display": "100", "missing_lines": 0, "excluded_lines": 0}, "missing_lines": [], "excluded_lines": []}}, "classes": {"": {"executed_lines": [1, 7, 8, 9, 10, 11, 12, 13, 16, 17, 27, 28, 49, 50, 77, 78, 101, 102, 112, 113, 118, 119, 120], "summary": {"covered_lines": 22, "num_statements": 37, "percent_covered": 59.45945945945946, "percent_covered_display": "59", "missing_lines": 15, "excluded_lines": 0}, "missing_lines": [21, 22, 23, 24, 32, 33, 44, 45, 46, 54, 82, 83, 84, 98, 106], "excluded_lines": []}}}, "app\\test\\unit\\__init__.py": {"executed_lines": [1], "summary": {"covered_lines": 0, "num_statements": 0, "percent_covered": 100.0, "percent_covered_display": "100", "missing_lines": 0, "excluded_lines": 0}, "missing_lines": [], "excluded_lines": [], "functions": {"": {"executed_lines": [1], "summary": {"covered_lines": 0, "num_statements": 0, "percent_covered": 100.0, "percent_covered_display": "100", "missing_lines": 0, "excluded_lines": 0}, "missing_lines": [], "excluded_lines": []}}, "classes": {"": {"executed_lines": [1], "summary": {"covered_lines": 0, "num_statements": 0, "percent_covered": 100.0, "percent_covered_display": "100", "missing_lines": 0, "excluded_lines": 0}, "missing_lines": [], "excluded_lines": []}}}, "app\\test\\unit\\test_data_model.py": {"executed_lines": [1, 8, 9, 10, 11, 12, 13, 14, 15, 18, 20, 23, 24, 29, 35, 36, 37, 39, 44, 45, 47, 51, 62, 63, 65, 70, 73, 74, 75, 76, 77, 79, 84, 85, 86, 93, 96, 97, 99, 104, 107, 108, 109, 111, 116, 119, 122, 123, 124, 125, 127, 132, 133, 138, 139, 142, 144, 149, 152, 155, 156, 157, 158, 160, 165, 168, 171, 172, 174, 179, 182, 185, 186, 187, 188, 189, 191, 196, 199, 202, 203, 204, 206, 208, 213, 216, 219, 220, 221, 223, 225, 230, 233, 236, 237, 242, 247, 250, 253, 254, 256, 261, 262, 269, 270, 273, 276, 279, 284, 285, 288, 291, 292, 297, 302, 305, 308, 311, 316, 317, 320, 323, 324, 328, 333, 335, 336, 339, 342, 343, 346, 351, 352, 355, 358, 359, 360, 361, 363, 368, 371, 374, 375, 377, 382, 385, 388, 389, 390, 392, 397, 400, 403, 404, 405, 407, 412, 415, 416, 417, 418, 420, 425, 428, 431, 434, 439], "summary": {"covered_lines": 165, "num_statements": 176, "percent_covered": 93.75, "percent_covered_display": "94", "missing_lines": 11, "excluded_lines": 0}, "missing_lines": [238, 239, 240, 293, 294, 295, 325, 326, 344, 436, 440], "excluded_lines": [], "functions": {"TestDataModel.setUp": {"executed_lines": [35, 36, 37], "summary": {"covered_lines": 3, "num_statements": 3, "percent_covered": 100.0, "percent_covered_display": "100", "missing_lines": 0, "excluded_lines": 0}, "missing_lines": [], "excluded_lines": []}, "TestDataModel.tearDown": {"executed_lines": [44, 45], "summary": {"covered_lines": 2, "num_statements": 2, "percent_covered": 100.0, "percent_covered_display": "100", "missing_lines": 0, "excluded_lines": 0}, "missing_lines": [], "excluded_lines": []}, "TestDataModel._create_test_csv": {"executed_lines": [51, 62, 63], "summary": {"covered_lines": 3, "num_statements": 3, "percent_covered": 100.0, "percent_covered_display": "100", "missing_lines": 0, "excluded_lines": 0}, "missing_lines": [], "excluded_lines": []}, "TestDataModel.test_init_with_valid_csv_path": {"executed_lines": [70, 73, 74, 75, 76, 77], "summary": {"covered_lines": 6, "num_statements": 6, "percent_covered": 100.0, "percent_covered_display": "100", "missing_lines": 0, "excluded_lines": 0}, "missing_lines": [], "excluded_lines": []}, "TestDataModel.test_init_without_csv_path": {"executed_lines": [84, 85, 86, 93, 96, 97], "summary": {"covered_lines": 6, "num_statements": 6, "percent_covered": 100.0, "percent_covered_display": "100", "missing_lines": 0, "excluded_lines": 0}, "missing_lines": [], "excluded_lines": []}, "TestDataModel.test_load_data_success": {"executed_lines": [104, 107, 108, 109], "summary": {"covered_lines": 4, "num_statements": 4, "percent_covered": 100.0, "percent_covered_display": "100", "missing_lines": 0, "excluded_lines": 0}, "missing_lines": [], "excluded_lines": []}, "TestDataModel.test_get_countries_returns_list": {"executed_lines": [116, 119, 122, 123, 124, 125], "summary": {"covered_lines": 6, "num_statements": 6, "percent_covered": 100.0, "percent_covered_display": "100", "missing_lines": 0, "excluded_lines": 0}, "missing_lines": [], "excluded_lines": []}, "TestDataModel.test_get_countries_empty_data": {"executed_lines": [132, 133, 138, 139, 142], "summary": {"covered_lines": 5, "num_statements": 5, "percent_covered": 100.0, "percent_covered_display": "100", "missing_lines": 0, "excluded_lines": 0}, "missing_lines": [], "excluded_lines": []}, "TestDataModel.test_get_country_data_valid_country": {"executed_lines": [149, 152, 155, 156, 157, 158], "summary": {"covered_lines": 6, "num_statements": 6, "percent_covered": 100.0, "percent_covered_display": "100", "missing_lines": 0, "excluded_lines": 0}, "missing_lines": [], "excluded_lines": []}, "TestDataModel.test_get_country_data_invalid_country": {"executed_lines": [165, 168, 171, 172], "summary": {"covered_lines": 4, "num_statements": 4, "percent_covered": 100.0, "percent_covered_display": "100", "missing_lines": 0, "excluded_lines": 0}, "missing_lines": [], "excluded_lines": []}, "TestDataModel.test_get_overview_data_structure": {"executed_lines": [179, 182, 185, 186, 187, 188, 189], "summary": {"covered_lines": 7, "num_statements": 7, "percent_covered": 100.0, "percent_covered_display": "100", "missing_lines": 0, "excluded_lines": 0}, "missing_lines": [], "excluded_lines": []}, "TestDataModel.test_get_top_countries_highest": {"executed_lines": [196, 199, 202, 203, 204, 206], "summary": {"covered_lines": 6, "num_statements": 6, "percent_covered": 100.0, "percent_covered_display": "100", "missing_lines": 0, "excluded_lines": 0}, "missing_lines": [], "excluded_lines": []}, "TestDataModel.test_get_top_countries_lowest": {"executed_lines": [213, 216, 219, 220, 221, 223], "summary": {"covered_lines": 6, "num_statements": 6, "percent_covered": 100.0, "percent_covered_display": "100", "missing_lines": 0, "excluded_lines": 0}, "missing_lines": [], "excluded_lines": []}, "TestDataModel.test_train_model_valid_country": {"executed_lines": [230, 233, 236, 237], "summary": {"covered_lines": 4, "num_statements": 7, "percent_covered": 57.142857142857146, "percent_covered_display": "57", "missing_lines": 3, "excluded_lines": 0}, "missing_lines": [238, 239, 240], "excluded_lines": []}, "TestDataModel.test_train_model_invalid_country": {"executed_lines": [247, 250, 253, 254], "summary": {"covered_lines": 4, "num_statements": 4, "percent_covered": 100.0, "percent_covered_display": "100", "missing_lines": 0, "excluded_lines": 0}, "missing_lines": [], "excluded_lines": []}, "TestDataModel.test_train_model_insufficient_data": {"executed_lines": [261, 262, 269, 270, 273, 276], "summary": {"covered_lines": 6, "num_statements": 6, "percent_covered": 100.0, "percent_covered_display": "100", "missing_lines": 0, "excluded_lines": 0}, "missing_lines": [], "excluded_lines": []}, "TestDataModel.test_predict_future_valid_inputs": {"executed_lines": [284, 285, 288, 291, 292], "summary": {"covered_lines": 5, "num_statements": 8, "percent_covered": 62.5, "percent_covered_display": "62", "missing_lines": 3, "excluded_lines": 0}, "missing_lines": [293, 294, 295], "excluded_lines": []}, "TestDataModel.test_predict_future_without_training": {"executed_lines": [302, 305, 308], "summary": {"covered_lines": 3, "num_statements": 3, "percent_covered": 100.0, "percent_covered_display": "100", "missing_lines": 0, "excluded_lines": 0}, "missing_lines": [], "excluded_lines": []}, "TestDataModel.test_get_model_metrics_valid_country": {"executed_lines": [316, 317, 320, 323, 324], "summary": {"covered_lines": 5, "num_statements": 7, "percent_covered": 71.42857142857143, "percent_covered_display": "71", "missing_lines": 2, "excluded_lines": 0}, "missing_lines": [325, 326], "excluded_lines": []}, "TestDataModel.test_get_model_metrics_global": {"executed_lines": [333, 335, 336, 339, 342, 343], "summary": {"covered_lines": 6, "num_statements": 7, "percent_covered": 85.71428571428571, "percent_covered_display": "86", "missing_lines": 1, "excluded_lines": 0}, "missing_lines": [344], "excluded_lines": []}, "TestDataModel.test_compare_countries_valid_countries": {"executed_lines": [351, 352, 355, 358, 359, 360, 361], "summary": {"covered_lines": 7, "num_statements": 7, "percent_covered": 100.0, "percent_covered_display": "100", "missing_lines": 0, "excluded_lines": 0}, "missing_lines": [], "excluded_lines": []}, "TestDataModel.test_compare_countries_empty_list": {"executed_lines": [368, 371, 374, 375], "summary": {"covered_lines": 4, "num_statements": 4, "percent_covered": 100.0, "percent_covered_display": "100", "missing_lines": 0, "excluded_lines": 0}, "missing_lines": [], "excluded_lines": []}, "TestDataModel.test_get_feature_importance_valid_country": {"executed_lines": [382, 385, 388, 389, 390], "summary": {"covered_lines": 5, "num_statements": 5, "percent_covered": 100.0, "percent_covered_display": "100", "missing_lines": 0, "excluded_lines": 0}, "missing_lines": [], "excluded_lines": []}, "TestDataModel.test_get_feature_importance_global": {"executed_lines": [397, 400, 403, 404, 405], "summary": {"covered_lines": 5, "num_statements": 5, "percent_covered": 100.0, "percent_covered_display": "100", "missing_lines": 0, "excluded_lines": 0}, "missing_lines": [], "excluded_lines": []}, "TestDataModel.test_melt_data_conversion": {"executed_lines": [412, 415, 416, 417, 418], "summary": {"covered_lines": 5, "num_statements": 5, "percent_covered": 100.0, "percent_covered_display": "100", "missing_lines": 0, "excluded_lines": 0}, "missing_lines": [], "excluded_lines": []}, "TestDataModel.test_model_caching": {"executed_lines": [425, 428, 431, 434], "summary": {"covered_lines": 4, "num_statements": 5, "percent_covered": 80.0, "percent_covered_display": "80", "missing_lines": 1, "excluded_lines": 0}, "missing_lines": [436], "excluded_lines": []}, "": {"executed_lines": [1, 8, 9, 10, 11, 12, 13, 14, 15, 18, 20, 23, 24, 29, 39, 47, 65, 79, 99, 111, 127, 144, 160, 174, 191, 208, 225, 242, 256, 279, 297, 311, 328, 346, 363, 377, 392, 407, 420, 439], "summary": {"covered_lines": 38, "num_statements": 39, "percent_covered": 97.43589743589743, "percent_covered_display": "97", "missing_lines": 1, "excluded_lines": 0}, "missing_lines": [440], "excluded_lines": []}}, "classes": {"TestDataModel": {"executed_lines": [35, 36, 37, 44, 45, 51, 62, 63, 70, 73, 74, 75, 76, 77, 84, 85, 86, 93, 96, 97, 104, 107, 108, 109, 116, 119, 122, 123, 124, 125, 132, 133, 138, 139, 142, 149, 152, 155, 156, 157, 158, 165, 168, 171, 172, 179, 182, 185, 186, 187, 188, 189, 196, 199, 202, 203, 204, 206, 213, 216, 219, 220, 221, 223, 230, 233, 236, 237, 247, 250, 253, 254, 261, 262, 269, 270, 273, 276, 284, 285, 288, 291, 292, 302, 305, 308, 316, 317, 320, 323, 324, 333, 335, 336, 339, 342, 343, 351, 352, 355, 358, 359, 360, 361, 368, 371, 374, 375, 382, 385, 388, 389, 390, 397, 400, 403, 404, 405, 412, 415, 416, 417, 418, 425, 428, 431, 434], "summary": {"covered_lines": 127, "num_statements": 137, "percent_covered": 92.7007299270073, "percent_covered_display": "93", "missing_lines": 10, "excluded_lines": 0}, "missing_lines": [238, 239, 240, 293, 294, 295, 325, 326, 344, 436], "excluded_lines": []}, "": {"executed_lines": [1, 8, 9, 10, 11, 12, 13, 14, 15, 18, 20, 23, 24, 29, 39, 47, 65, 79, 99, 111, 127, 144, 160, 174, 191, 208, 225, 242, 256, 279, 297, 311, 328, 346, 363, 377, 392, 407, 420, 439], "summary": {"covered_lines": 38, "num_statements": 39, "percent_covered": 97.43589743589743, "percent_covered_display": "97", "missing_lines": 1, "excluded_lines": 0}, "missing_lines": [440], "excluded_lines": []}}}, "app\\test\\unit\\test_data_service.py": {"executed_lines": [1, 21, 22, 23, 24, 25, 26, 27, 28, 31, 33, 36, 37, 42, 48, 49, 52, 55, 57, 63, 64, 67, 70, 74, 85, 86, 88, 93, 96, 97, 98, 99, 101, 106, 107, 108, 112, 115, 116, 118, 123, 126, 129, 130, 131, 132, 134, 139, 140, 143, 150, 155, 158, 161, 162, 163, 164, 165, 166, 167, 169, 174, 177, 178, 180, 185, 188, 189, 192, 193, 194, 197, 198, 199, 201, 206, 207, 213, 216, 217, 219, 224, 225, 231, 234, 235, 237, 242, 243, 249, 252, 254, 259, 260, 266, 269, 272, 277, 280, 283, 284, 285, 286, 287, 288, 289, 291, 296, 297, 300, 307, 312, 315, 318, 319, 320, 321, 322, 324, 329, 332, 336, 337, 340, 342, 347, 350, 353, 355, 356, 357, 359, 364, 366, 369, 372, 373, 374, 375, 377, 382, 385, 388, 391, 396, 397, 400, 403, 404, 405, 406, 407, 408, 409, 412, 413, 415, 420, 423, 424, 426, 431, 432, 435, 437, 439, 444, 445, 448, 451, 452, 453, 454, 455, 457, 462, 465, 466, 468, 473, 476, 477, 479, 484, 485, 488, 491, 492, 493, 494, 495, 497, 502, 503, 506, 509, 510, 511, 513, 518, 519, 522, 523, 526, 529, 532, 533, 535, 540, 543, 546, 551, 560, 561, 564, 567, 570, 573, 575, 578, 581, 583, 586, 588, 594, 597, 599, 602, 605, 608, 610, 613, 614, 616, 617, 620, 623, 624, 627, 628, 633, 635, 636, 638, 640, 641, 643, 648, 656, 657, 660, 661, 664, 665, 667, 672, 679, 680, 683, 684, 687, 690, 695, 703, 704, 707, 708, 711, 715], "summary": {"covered_lines": 266, "num_statements": 272, "percent_covered": 97.79411764705883, "percent_covered_display": "98", "missing_lines": 6, "excluded_lines": 0}, "missing_lines": [68, 144, 147, 301, 304, 716], "excluded_lines": [], "functions": {"TestDataService.setUp": {"executed_lines": [48, 49, 52, 55], "summary": {"covered_lines": 4, "num_statements": 4, "percent_covered": 100.0, "percent_covered_display": "100", "missing_lines": 0, "excluded_lines": 0}, "missing_lines": [], "excluded_lines": []}, "TestDataService.tearDown": {"executed_lines": [63, 64, 67], "summary": {"covered_lines": 3, "num_statements": 4, "percent_covered": 75.0, "percent_covered_display": "75", "missing_lines": 1, "excluded_lines": 0}, "missing_lines": [68], "excluded_lines": []}, "TestDataService._create_test_csv": {"executed_lines": [74, 85, 86], "summary": {"covered_lines": 3, "num_statements": 3, "percent_covered": 100.0, "percent_covered_display": "100", "missing_lines": 0, "excluded_lines": 0}, "missing_lines": [], "excluded_lines": []}, "TestDataService.test_init_with_valid_csv_path": {"executed_lines": [93, 96, 97, 98, 99], "summary": {"covered_lines": 5, "num_statements": 5, "percent_covered": 100.0, "percent_covered_display": "100", "missing_lines": 0, "excluded_lines": 0}, "missing_lines": [], "excluded_lines": []}, "TestDataService.test_init_without_csv_path": {"executed_lines": [106, 107, 108, 112, 115, 116], "summary": {"covered_lines": 6, "num_statements": 6, "percent_covered": 100.0, "percent_covered_display": "100", "missing_lines": 0, "excluded_lines": 0}, "missing_lines": [], "excluded_lines": []}, "TestDataService.test_get_countries_returns_list": {"executed_lines": [123, 126, 129, 130, 131, 132], "summary": {"covered_lines": 6, "num_statements": 6, "percent_covered": 100.0, "percent_covered_display": "100", "missing_lines": 0, "excluded_lines": 0}, "missing_lines": [], "excluded_lines": []}, "TestDataService.test_get_countries_empty_data": {"executed_lines": [139, 140, 143], "summary": {"covered_lines": 3, "num_statements": 5, "percent_covered": 60.0, "percent_covered_display": "60", "missing_lines": 2, "excluded_lines": 0}, "missing_lines": [144, 147], "excluded_lines": []}, "TestDataService.test_get_country_data_valid_country": {"executed_lines": [155, 158, 161, 162, 163, 164, 165, 166, 167], "summary": {"covered_lines": 9, "num_statements": 9, "percent_covered": 100.0, "percent_covered_display": "100", "missing_lines": 0, "excluded_lines": 0}, "missing_lines": [], "excluded_lines": []}, "TestDataService.test_get_country_data_invalid_country": {"executed_lines": [174, 177, 178], "summary": {"covered_lines": 3, "num_statements": 3, "percent_covered": 100.0, "percent_covered_display": "100", "missing_lines": 0, "excluded_lines": 0}, "missing_lines": [], "excluded_lines": []}, "TestDataService.test_get_country_data_stats_structure": {"executed_lines": [185, 188, 189, 192, 193, 194, 197, 198, 199], "summary": {"covered_lines": 9, "num_statements": 9, "percent_covered": 100.0, "percent_covered_display": "100", "missing_lines": 0, "excluded_lines": 0}, "missing_lines": [], "excluded_lines": []}, "TestDataService.test_calculate_trend_positive_trend": {"executed_lines": [206, 207, 213, 216, 217], "summary": {"covered_lines": 5, "num_statements": 5, "percent_covered": 100.0, "percent_covered_display": "100", "missing_lines": 0, "excluded_lines": 0}, "missing_lines": [], "excluded_lines": []}, "TestDataService.test_calculate_trend_negative_trend": {"executed_lines": [224, 225, 231, 234, 235], "summary": {"covered_lines": 5, "num_statements": 5, "percent_covered": 100.0, "percent_covered_display": "100", "missing_lines": 0, "excluded_lines": 0}, "missing_lines": [], "excluded_lines": []}, "TestDataService.test_calculate_trend_single_data_point": {"executed_lines": [242, 243, 249, 252], "summary": {"covered_lines": 4, "num_statements": 4, "percent_covered": 100.0, "percent_covered_display": "100", "missing_lines": 0, "excluded_lines": 0}, "missing_lines": [], "excluded_lines": []}, "TestDataService.test_calculate_trend_zero_initial_value": {"executed_lines": [259, 260, 266, 269], "summary": {"covered_lines": 4, "num_statements": 4, "percent_covered": 100.0, "percent_covered_display": "100", "missing_lines": 0, "excluded_lines": 0}, "missing_lines": [], "excluded_lines": []}, "TestDataService.test_get_data_overview_structure": {"executed_lines": [277, 280, 283, 284, 285, 286, 287, 288, 289], "summary": {"covered_lines": 9, "num_statements": 9, "percent_covered": 100.0, "percent_covered_display": "100", "missing_lines": 0, "excluded_lines": 0}, "missing_lines": [], "excluded_lines": []}, "TestDataService.test_get_data_overview_empty_data": {"executed_lines": [296, 297, 300], "summary": {"covered_lines": 3, "num_statements": 5, "percent_covered": 60.0, "percent_covered_display": "60", "missing_lines": 2, "excluded_lines": 0}, "missing_lines": [301, 304], "excluded_lines": []}, "TestDataService.test_train_model_valid_country": {"executed_lines": [312, 315, 318, 319, 320, 321, 322], "summary": {"covered_lines": 7, "num_statements": 7, "percent_covered": 100.0, "percent_covered_display": "100", "missing_lines": 0, "excluded_lines": 0}, "missing_lines": [], "excluded_lines": []}, "TestDataService.test_train_model_invalid_country": {"executed_lines": [329, 332, 336, 337, 340], "summary": {"covered_lines": 5, "num_statements": 5, "percent_covered": 100.0, "percent_covered_display": "100", "missing_lines": 0, "excluded_lines": 0}, "missing_lines": [], "excluded_lines": []}, "TestDataService.test_train_model_general": {"executed_lines": [347, 350, 353, 355, 356, 357], "summary": {"covered_lines": 6, "num_statements": 6, "percent_covered": 100.0, "percent_covered_display": "100", "missing_lines": 0, "excluded_lines": 0}, "missing_lines": [], "excluded_lines": []}, "TestDataService.test_get_model_metrics_valid_country": {"executed_lines": [364, 366, 369, 372, 373, 374, 375], "summary": {"covered_lines": 7, "num_statements": 7, "percent_covered": 100.0, "percent_covered_display": "100", "missing_lines": 0, "excluded_lines": 0}, "missing_lines": [], "excluded_lines": []}, "TestDataService.test_get_model_metrics_without_training": {"executed_lines": [382, 385, 388], "summary": {"covered_lines": 3, "num_statements": 3, "percent_covered": 100.0, "percent_covered_display": "100", "missing_lines": 0, "excluded_lines": 0}, "missing_lines": [], "excluded_lines": []}, "TestDataService.test_predict_future_valid_inputs": {"executed_lines": [396, 397, 400, 403, 404, 405, 406, 407, 408, 409, 412, 413], "summary": {"covered_lines": 12, "num_statements": 12, "percent_covered": 100.0, "percent_covered_display": "100", "missing_lines": 0, "excluded_lines": 0}, "missing_lines": [], "excluded_lines": []}, "TestDataService.test_predict_future_invalid_country": {"executed_lines": [420, 423, 424], "summary": {"covered_lines": 3, "num_statements": 3, "percent_covered": 100.0, "percent_covered_display": "100", "missing_lines": 0, "excluded_lines": 0}, "missing_lines": [], "excluded_lines": []}, "TestDataService.test_predict_future_invalid_year": {"executed_lines": [431, 432, 435, 437], "summary": {"covered_lines": 4, "num_statements": 4, "percent_covered": 100.0, "percent_covered_display": "100", "missing_lines": 0, "excluded_lines": 0}, "missing_lines": [], "excluded_lines": []}, "TestDataService.test_get_countries_comparison_valid_countries": {"executed_lines": [444, 445, 448, 451, 452, 453, 454, 455], "summary": {"covered_lines": 8, "num_statements": 8, "percent_covered": 100.0, "percent_covered_display": "100", "missing_lines": 0, "excluded_lines": 0}, "missing_lines": [], "excluded_lines": []}, "TestDataService.test_get_countries_comparison_insufficient_countries": {"executed_lines": [462, 465, 466], "summary": {"covered_lines": 3, "num_statements": 3, "percent_covered": 100.0, "percent_covered_display": "100", "missing_lines": 0, "excluded_lines": 0}, "missing_lines": [], "excluded_lines": []}, "TestDataService.test_get_countries_comparison_invalid_country": {"executed_lines": [473, 476, 477], "summary": {"covered_lines": 3, "num_statements": 3, "percent_covered": 100.0, "percent_covered_display": "100", "missing_lines": 0, "excluded_lines": 0}, "missing_lines": [], "excluded_lines": []}, "TestDataService.test_get_feature_importance_valid_country": {"executed_lines": [484, 485, 488, 491, 492, 493, 494, 495], "summary": {"covered_lines": 8, "num_statements": 8, "percent_covered": 100.0, "percent_covered_display": "100", "missing_lines": 0, "excluded_lines": 0}, "missing_lines": [], "excluded_lines": []}, "TestDataService.test_get_feature_importance_global": {"executed_lines": [502, 503, 506, 509, 510, 511], "summary": {"covered_lines": 6, "num_statements": 6, "percent_covered": 100.0, "percent_covered_display": "100", "missing_lines": 0, "excluded_lines": 0}, "missing_lines": [], "excluded_lines": []}, "TestDataService.test_cached_prediction": {"executed_lines": [518, 519, 522, 523, 526, 529, 532, 533], "summary": {"covered_lines": 8, "num_statements": 8, "percent_covered": 100.0, "percent_covered_display": "100", "missing_lines": 0, "excluded_lines": 0}, "missing_lines": [], "excluded_lines": []}, "TestDataService.test_data_loading_handles_encoding_errors": {"executed_lines": [540, 543], "summary": {"covered_lines": 2, "num_statements": 2, "percent_covered": 100.0, "percent_covered_display": "100", "missing_lines": 0, "excluded_lines": 0}, "missing_lines": [], "excluded_lines": []}, "TestDataService.test_data_preprocessing_handles_missing_values": {"executed_lines": [551, 560, 561, 564, 567], "summary": {"covered_lines": 5, "num_statements": 5, "percent_covered": 100.0, "percent_covered_display": "100", "missing_lines": 0, "excluded_lines": 0}, "missing_lines": [], "excluded_lines": []}, "TestDataService.test_calculate_global_trend_with_empty_data": {"executed_lines": [573, 575, 578, 581], "summary": {"covered_lines": 4, "num_statements": 4, "percent_covered": 100.0, "percent_covered_display": "100", "missing_lines": 0, "excluded_lines": 0}, "missing_lines": [], "excluded_lines": []}, "TestDataService.test_calculate_global_trend_with_single_year": {"executed_lines": [586, 588, 594, 597], "summary": {"covered_lines": 4, "num_statements": 4, "percent_covered": 100.0, "percent_covered_display": "100", "missing_lines": 0, "excluded_lines": 0}, "missing_lines": [], "excluded_lines": []}, "TestDataService.test_get_cached_prediction_nonexistent": {"executed_lines": [602, 605, 608], "summary": {"covered_lines": 3, "num_statements": 3, "percent_covered": 100.0, "percent_covered_display": "100", "missing_lines": 0, "excluded_lines": 0}, "missing_lines": [], "excluded_lines": []}, "TestDataService.test_get_cached_prediction_existing": {"executed_lines": [613, 614, 616, 617, 620, 623, 624], "summary": {"covered_lines": 7, "num_statements": 7, "percent_covered": 100.0, "percent_covered_display": "100", "missing_lines": 0, "excluded_lines": 0}, "missing_lines": [], "excluded_lines": []}, "TestDataServiceEdgeCases.setUp": {"executed_lines": [635, 636], "summary": {"covered_lines": 2, "num_statements": 2, "percent_covered": 100.0, "percent_covered_display": "100", "missing_lines": 0, "excluded_lines": 0}, "missing_lines": [], "excluded_lines": []}, "TestDataServiceEdgeCases.tearDown": {"executed_lines": [640, 641], "summary": {"covered_lines": 2, "num_statements": 2, "percent_covered": 100.0, "percent_covered_display": "100", "missing_lines": 0, "excluded_lines": 0}, "missing_lines": [], "excluded_lines": []}, "TestDataServiceEdgeCases.test_single_country_data": {"executed_lines": [648, 656, 657, 660, 661, 664, 665], "summary": {"covered_lines": 7, "num_statements": 7, "percent_covered": 100.0, "percent_covered_display": "100", "missing_lines": 0, "excluded_lines": 0}, "missing_lines": [], "excluded_lines": []}, "TestDataServiceEdgeCases.test_single_year_data": {"executed_lines": [672, 679, 680, 683, 684, 687], "summary": {"covered_lines": 6, "num_statements": 6, "percent_covered": 100.0, "percent_covered_display": "100", "missing_lines": 0, "excluded_lines": 0}, "missing_lines": [], "excluded_lines": []}, "TestDataServiceEdgeCases.test_very_large_values": {"executed_lines": [695, 703, 704, 707, 708, 711], "summary": {"covered_lines": 6, "num_statements": 6, "percent_covered": 100.0, "percent_covered_display": "100", "missing_lines": 0, "excluded_lines": 0}, "missing_lines": [], "excluded_lines": []}, "": {"executed_lines": [1, 21, 22, 23, 24, 25, 26, 27, 28, 31, 33, 36, 37, 42, 57, 70, 88, 101, 118, 134, 150, 169, 180, 201, 219, 237, 254, 272, 291, 307, 324, 342, 359, 377, 391, 415, 426, 439, 457, 468, 479, 497, 513, 535, 546, 570, 583, 599, 610, 627, 628, 633, 638, 643, 667, 690, 715], "summary": {"covered_lines": 54, "num_statements": 55, "percent_covered": 98.18181818181819, "percent_covered_display": "98", "missing_lines": 1, "excluded_lines": 0}, "missing_lines": [716], "excluded_lines": []}}, "classes": {"TestDataService": {"executed_lines": [48, 49, 52, 55, 63, 64, 67, 74, 85, 86, 93, 96, 97, 98, 99, 106, 107, 108, 112, 115, 116, 123, 126, 129, 130, 131, 132, 139, 140, 143, 155, 158, 161, 162, 163, 164, 165, 166, 167, 174, 177, 178, 185, 188, 189, 192, 193, 194, 197, 198, 199, 206, 207, 213, 216, 217, 224, 225, 231, 234, 235, 242, 243, 249, 252, 259, 260, 266, 269, 277, 280, 283, 284, 285, 286, 287, 288, 289, 296, 297, 300, 312, 315, 318, 319, 320, 321, 322, 329, 332, 336, 337, 340, 347, 350, 353, 355, 356, 357, 364, 366, 369, 372, 373, 374, 375, 382, 385, 388, 396, 397, 400, 403, 404, 405, 406, 407, 408, 409, 412, 413, 420, 423, 424, 431, 432, 435, 437, 444, 445, 448, 451, 452, 453, 454, 455, 462, 465, 466, 473, 476, 477, 484, 485, 488, 491, 492, 493, 494, 495, 502, 503, 506, 509, 510, 511, 518, 519, 522, 523, 526, 529, 532, 533, 540, 543, 551, 560, 561, 564, 567, 573, 57
[...]
luded_lines": 0}, "missing_lines": [106, 107, 110, 146, 193, 194, 197, 198, 201, 202, 205, 238, 239, 240, 243, 244, 247, 248, 275, 276, 279, 282, 329, 330, 331, 332, 335, 336, 339, 340, 343, 406], "excluded_lines": []}, "": {"executed_lines": [1, 8, 9, 10, 11, 12, 13, 16, 18, 19, 22, 23, 28, 41, 58, 70, 112, 148, 161, 207, 250, 284, 345, 358, 380, 396, 408, 436, 457, 469, 497, 509, 541, 572, 585, 598, 615, 624, 637], "summary": {"covered_lines": 37, "num_statements": 38, "percent_covered": 97.36842105263158, "percent_covered_display": "97", "missing_lines": 1, "excluded_lines": 0}, "missing_lines": [638], "excluded_lines": []}}}, "app\\test\\unit\\test_data_viewmodel_boundary.py": {"executed_lines": [1, 8, 9, 10, 11, 12, 14, 16, 17, 20, 21, 25, 27, 28, 29, 30, 31, 33, 36, 44, 47, 50, 52, 53, 55, 58, 66, 69, 72, 73, 74, 76, 79, 80, 81, 82, 83, 86, 97, 100, 103, 106, 107, 108, 109, 110, 111, 114, 125, 128, 129, 130, 133, 134, 138, 140, 141, 142, 143, 144, 146, 149, 152, 155, 156, 158, 161, 165, 167, 170, 173, 176, 178, 181, 184, 185, 187, 190, 194, 196, 199, 203, 205, 208, 211, 213, 216, 219, 222, 223, 225, 231, 234, 238, 239, 243, 245, 246, 247, 248, 250, 253, 254, 268, 271, 274, 276, 277, 278, 279, 280, 282, 285, 286, 297, 300, 303, 306, 309, 315, 318, 321, 324, 337, 340, 344], "summary": {"covered_lines": 122, "num_statements": 123, "percent_covered": 99.1869918699187, "percent_covered_display": "99", "missing_lines": 1, "excluded_lines": 0}, "missing_lines": [345], "excluded_lines": [], "functions": {"TestDataViewModelBoundaryValues.setUp": {"executed_lines": [27, 28, 29, 30, 31], "summary": {"covered_lines": 5, "num_statements": 5, "percent_covered": 100.0, "percent_covered_display": "100", "missing_lines": 0, "excluded_lines": 0}, "missing_lines": [], "excluded_lines": []}, "TestDataViewModelBoundaryValues.test_get_country_data_with_empty_time_series": {"executed_lines": [36, 44, 47, 50, 52, 53], "summary": {"covered_lines": 6, "num_statements": 6, "percent_covered": 100.0, "percent_covered_display": "100", "missing_lines": 0, "excluded_lines": 0}, "missing_lines": [], "excluded_lines": []}, "TestDataViewModelBoundaryValues.test_get_country_data_with_single_data_point": {"executed_lines": [58, 66, 69, 72, 73, 74], "summary": {"covered_lines": 6, "num_statements": 6, "percent_covered": 100.0, "percent_covered_display": "100", "missing_lines": 0, "excluded_lines": 0}, "missing_lines": [], "excluded_lines": []}, "TestDataViewModelBoundaryValues.test_get_country_prediction_with_max_year": {"executed_lines": [79, 80, 81, 82, 83, 86, 97, 100], "summary": {"covered_lines": 8, "num_statements": 8, "percent_covered": 100.0, "percent_covered_display": "100", "missing_lines": 0, "excluded_lines": 0}, "missing_lines": [], "excluded_lines": []}, "TestDataViewModelBoundaryValues.test_get_country_prediction_with_min_year": {"executed_lines": [106, 107, 108, 109, 110, 111, 114, 125, 128, 129, 130], "summary": {"covered_lines": 11, "num_statements": 11, "percent_covered": 100.0, "percent_covered_display": "100", "missing_lines": 0, "excluded_lines": 0}, "missing_lines": [], "excluded_lines": []}, "TestDataViewModelNegativeCases.setUp": {"executed_lines": [140, 141, 142, 143, 144], "summary": {"covered_lines": 5, "num_statements": 5, "percent_covered": 100.0, "percent_covered_display": "100", "missing_lines": 0, "excluded_lines": 0}, "missing_lines": [], "excluded_lines": []}, "TestDataViewModelNegativeCases.test_get_countries_with_service_error": {"executed_lines": [149, 152, 155, 156], "summary": {"covered_lines": 4, "num_statements": 4, "percent_covered": 100.0, "percent_covered_display": "100", "missing_lines": 0, "excluded_lines": 0}, "missing_lines": [], "excluded_lines": []}, "TestDataViewModelNegativeCases.test_get_country_data_with_none_country_name": {"executed_lines": [161, 165], "summary": {"covered_lines": 2, "num_statements": 2, "percent_covered": 100.0, "percent_covered_display": "100", "missing_lines": 0, "excluded_lines": 0}, "missing_lines": [], "excluded_lines": []}, "TestDataViewModelNegativeCases.test_get_country_data_with_empty_string": {"executed_lines": [170, 173, 176], "summary": {"covered_lines": 3, "num_statements": 3, "percent_covered": 100.0, "percent_covered_display": "100", "missing_lines": 0, "excluded_lines": 0}, "missing_lines": [], "excluded_lines": []}, "TestDataViewModelNegativeCases.test_get_country_prediction_with_invalid_year_type": {"executed_lines": [181, 184, 185], "summary": {"covered_lines": 3, "num_statements": 3, "percent_covered": 100.0, "percent_covered_display": "100", "missing_lines": 0, "excluded_lines": 0}, "missing_lines": [], "excluded_lines": []}, "TestDataViewModelNegativeCases.test_get_country_prediction_with_negative_year": {"executed_lines": [190, 194], "summary": {"covered_lines": 2, "num_statements": 2, "percent_covered": 100.0, "percent_covered_display": "100", "missing_lines": 0, "excluded_lines": 0}, "missing_lines": [], "excluded_lines": []}, "TestDataViewModelNegativeCases.test_get_countries_comparison_with_none_list": {"executed_lines": [199, 203], "summary": {"covered_lines": 2, "num_statements": 2, "percent_covered": 100.0, "percent_covered_display": "100", "missing_lines": 0, "excluded_lines": 0}, "missing_lines": [], "excluded_lines": []}, "TestDataViewModelNegativeCases.test_get_countries_comparison_with_empty_list": {"executed_lines": [208, 211], "summary": {"covered_lines": 2, "num_statements": 2, "percent_covered": 100.0, "percent_covered_display": "100", "missing_lines": 0, "excluded_lines": 0}, "missing_lines": [], "excluded_lines": []}, "TestDataViewModelNegativeCases.test_train_model_with_service_error": {"executed_lines": [216, 219, 222, 223], "summary": {"covered_lines": 4, "num_statements": 4, "percent_covered": 100.0, "percent_covered_display": "100", "missing_lines": 0, "excluded_lines": 0}, "missing_lines": [], "excluded_lines": []}, "TestDataViewModelNegativeCases.test_get_model_metrics_with_service_error": {"executed_lines": [231, 234], "summary": {"covered_lines": 2, "num_statements": 2, "percent_covered": 100.0, "percent_covered_display": "100", "missing_lines": 0, "excluded_lines": 0}, "missing_lines": [], "excluded_lines": []}, "TestDataViewModelDataValidation.setUp": {"executed_lines": [245, 246, 247, 248], "summary": {"covered_lines": 4, "num_statements": 4, "percent_covered": 100.0, "percent_covered_display": "100", "missing_lines": 0, "excluded_lines": 0}, "missing_lines": [], "excluded_lines": []}, "TestDataViewModelDataValidation.test_get_country_data_with_nan_values": {"executed_lines": [253, 254, 268, 271, 274, 276, 277, 278, 279, 280], "summary": {"covered_lines": 10, "num_statements": 10, "percent_covered": 100.0, "percent_covered_display": "100", "missing_lines": 0, "excluded_lines": 0}, "missing_lines": [], "excluded_lines": []}, "TestDataViewModelDataValidation.test_get_country_data_with_inf_values": {"executed_lines": [285, 286, 297, 300, 303], "summary": {"covered_lines": 5, "num_statements": 5, "percent_covered": 100.0, "percent_covered_display": "100", "missing_lines": 0, "excluded_lines": 0}, "missing_lines": [], "excluded_lines": []}, "TestDataViewModelDataValidation.test_get_feature_importance_with_empty_features": {"executed_lines": [309, 315, 318], "summary": {"covered_lines": 3, "num_statements": 3, "percent_covered": 100.0, "percent_covered_display": "100", "missing_lines": 0, "excluded_lines": 0}, "missing_lines": [], "excluded_lines": []}, "TestDataViewModelDataValidation.test_get_data_overview_with_empty_data": {"executed_lines": [324, 337, 340], "summary": {"covered_lines": 3, "num_statements": 3, "percent_covered": 100.0, "percent_covered_display": "100", "missing_lines": 0, "excluded_lines": 0}, "missing_lines": [], "excluded_lines": []}, "": {"executed_lines": [1, 8, 9, 10, 11, 12, 14, 16, 17, 20, 21, 25, 33, 55, 76, 103, 133, 134, 138, 146, 158, 167, 178, 187, 196, 205, 213, 225, 238, 239, 243, 250, 282, 306, 321, 344], "summary": {"covered_lines": 32, "num_statements": 33, "percent_covered": 96.96969696969697, "percent_covered_display": "97", "missing_lines": 1, "excluded_lines": 0}, "missing_lines": [345], "excluded_lines": []}}, "classes": {"TestDataViewModelBoundaryValues": {"executed_lines": [27, 28, 29, 30, 31, 36, 44, 47, 50, 52, 53, 58, 66, 69, 72, 73, 74, 79, 80, 81, 82, 83, 86, 97, 100, 106, 107, 108, 109, 110, 111, 114, 125, 128, 129, 130], "summary": {"covered_lines": 36, "num_statements": 36, "percent_covered": 100.0, "percent_covered_display": "100", "missing_lines": 0, "excluded_lines": 0}, "missing_lines": [], "excluded_lines": []}, "TestDataViewModelNegativeCases": {"executed_lines": [140, 141, 142, 143, 144, 149, 152, 155, 156, 161, 165, 170, 173, 176, 181, 184, 185, 190, 194, 199, 203, 208, 211, 216, 219, 222, 223, 231, 234], "summary": {"covered_lines": 29, "num_statements": 29, "percent_covered": 100.0, "percent_covered_display": "100", "missing_lines": 0, "excluded_lines": 0}, "missing_lines": [], "excluded_lines": []}, "TestDataViewModelDataValidation": {"executed_lines": [245, 246, 247, 248, 253, 254, 268, 271, 274, 276, 277, 278, 279, 280, 285, 286, 297, 300, 303, 309, 315, 318, 324, 337, 340], "summary": {"covered_lines": 25, "num_statements": 25, "percent_covered": 100.0, "percent_covered_display": "100", "missing_lines": 0, "excluded_lines": 0}, "missing_lines": [], "excluded_lines": []}, "": {"executed_lines": [1, 8, 9, 10, 11, 12, 14, 16, 17, 20, 21, 25, 33, 55, 76, 103, 133, 134, 138, 146, 158, 167, 178, 187, 196, 205, 213, 225, 238, 239, 243, 250, 282, 306, 321, 344], "summary": {"covered_lines": 32, "num_statements": 33, "percent_covered": 96.96969696969697, "percent_covered_display": "97", "missing_lines": 1, "excluded_lines": 0}, "missing_lines": [345], "excluded_lines": []}}}, "app\\utils\\__init__.py": {"executed_lines": [1], "summary": {"covered_lines": 0, "num_statements": 0, "percent_covered": 100.0, "percent_covered_display": "100", "missing_lines": 0, "excluded_lines": 0}, "missing_lines": [], "excluded_lines": [], "functions": {"": {"executed_lines": [1], "summary": {"covered_lines": 0, "num_statements": 0, "percent_covered": 100.0, "percent_covered_display": "100", "missing_lines": 0, "excluded_lines": 0}, "missing_lines": [], "excluded_lines": []}}, "classes": {"": {"executed_lines": [1], "summary": {"covered_lines": 0, "num_statements": 0, "percent_covered": 100.0, "percent_covered_display": "100", "missing_lines": 0, "excluded_lines": 0}, "missing_lines": [], "excluded_lines": []}}}, "app\\utils\\data_utils.py": {"executed_lines": [1, 2, 3, 4, 5, 7, 18, 19, 21, 22, 24, 25, 27, 30, 32, 42, 43, 46, 49, 50, 51, 54, 57, 60, 63, 64, 65, 71, 73, 84, 85, 87, 98, 99, 100, 101, 102, 103, 104, 106, 116, 117, 118, 120, 121, 122, 123, 124, 126, 136, 154, 155, 158, 159, 160, 162, 164, 174, 175, 179, 180, 184, 185, 189, 190, 194, 195, 199, 200, 205], "summary": {"covered_lines": 70, "num_statements": 71, "percent_covered": 98.59154929577464, "percent_covered_display": "99", "missing_lines": 1, "excluded_lines": 0}, "missing_lines": [28], "excluded_lines": [], "functions": {"calculate_trend": {"executed_lines": [18, 19, 21, 22, 24, 25, 27, 30], "summary": {"covered_lines": 8, "num_statements": 9, "percent_covered": 88.88888888888889, "percent_covered_display": "89", "missing_lines": 1, "excluded_lines": 0}, "missing_lines": [28], "excluded_lines": []}, "interpolate_missing_years": {"executed_lines": [42, 43, 46, 49, 50, 51, 54, 57, 60, 63, 64, 65, 71], "summary": {"covered_lines": 13, "num_statements": 13, "percent_covered": 100.0, "percent_covered_display": "100", "missing_lines": 0, "excluded_lines": 0}, "missing_lines": [], "excluded_lines": []}, "format_percentage": {"executed_lines": [84, 85], "summary": {"covered_lines": 2, "num_statements": 2, "percent_covered": 100.0, "percent_covered_display": "100", "missing_lines": 0, "excluded_lines": 0}, "missing_lines": [], "excluded_lines": []}, "save_to_json": {"executed_lines": [98, 99, 100, 101, 102, 103, 104], "summary": {"covered_lines": 7, "num_statements": 7, "percent_covered": 100.0, "percent_covered_display": "100", "missing_lines": 0, "excluded_lines": 0}, "missing_lines": [], "excluded_lines": []}, "load_from_json": {"executed_lines": [116, 117, 118, 120, 121, 122, 123, 124], "summary": {"covered_lines": 8, "num_statements": 8, "percent_covered": 100.0, "percent_covered_display": "100", "missing_lines": 0, "excluded_lines": 0}, "missing_lines": [], "excluded_lines": []}, "generate_color_palette": {"executed_lines": [136, 154, 155, 158, 159, 160, 162], "summary": {"covered_lines": 7, "num_statements": 7, "percent_covered": 100.0, "percent_covered_display": "100", "missing_lines": 0, "excluded_lines": 0}, "missing_lines": [], "excluded_lines": []}, "get_trend_description": {"executed_lines": [174, 175, 179, 180, 184, 185, 189, 190, 194, 195, 199, 200, 205], "summary": {"covered_lines": 13, "num_statements": 13, "percent_covered": 100.0, "percent_covered_display": "100", "missing_lines": 0, "excluded_lines": 0}, "missing_lines": [], "excluded_lines": []}, "": {"executed_lines": [1, 2, 3, 4, 5, 7, 32, 73, 87, 106, 126, 164], "summary": {"covered_lines": 12, "num_statements": 12, "percent_covered": 100.0, "percent_covered_display": "100", "missing_lines": 0, "excluded_lines": 0}, "missing_lines": [], "excluded_lines": []}}, "classes": {"": {"executed_lines": [1, 2, 3, 4, 5, 7, 18, 19, 21, 22, 24, 25, 27, 30, 32, 42, 43, 46, 49, 50, 51, 54, 57, 60, 63, 64, 65, 71, 73, 84, 85, 87, 98, 99, 100, 101, 102, 103, 104, 106, 116, 117, 118, 120, 121, 122, 123, 124, 126, 136, 154, 155, 158, 159, 160, 162, 164, 174, 175, 179, 180, 184, 185, 189, 190, 194, 195, 199, 200, 205], "summary": {"covered_lines": 70, "num_statements": 71, "percent_covered": 98.59154929577464, "percent_covered_display": "99", "missing_lines": 1, "excluded_lines": 0}, "missing_lines": [28], "excluded_lines": []}}}, "app\\viewmodels\\__init__.py": {"executed_lines": [], "summary": {"covered_lines": 0, "num_statements": 0, "percent_covered": 100.0, "percent_covered_display": "100", "missing_lines": 0, "excluded_lines": 0}, "missing_lines": [], "excluded_lines": [], "functions": {"": {"executed_lines": [], "summary": {"covered_lines": 0, "num_statements": 0, "percent_covered": 100.0, "percent_covered_display": "100", "missing_lines": 0, "excluded_lines": 0}, "missing_lines": [], "excluded_lines": []}}, "classes": {"": {"executed_lines": [], "summary": {"covered_lines": 0, "num_statements": 0, "percent_covered": 100.0, "percent_covered_display": "100", "missing_lines": 0, "excluded_lines": 0}, "missing_lines": [], "excluded_lines": []}}}, "app\\viewmodels\\data_viewmodel.py": {"executed_lines": [], "summary": {"covered_lines": 0, "num_statements": 85, "percent_covered": 0.0, "percent_covered_display": "0", "missing_lines": 85, "excluded_lines": 0}, "missing_lines": [1, 2, 4, 14, 21, 22, 24, 31, 33, 40, 51, 52, 54, 56, 57, 63, 69, 70, 79, 90, 92, 94, 102, 105, 106, 108, 110, 111, 112, 115, 121, 126, 136, 138, 139, 141, 149, 160, 162, 163, 166, 169, 172, 175, 176, 183, 186, 192, 202, 212, 214, 215, 217, 226, 237, 239, 240, 242, 247, 257, 258, 263, 265, 266, 269, 270, 273, 274, 276, 277, 278, 279, 282, 285, 286, 287, 290, 293, 294, 295, 296, 298, 304, 310, 315], "excluded_lines": [], "functions": {"DataViewModel.__init__": {"executed_lines": [], "summary": {"covered_lines": 0, "num_statements": 2, "percent_covered": 0.0, "percent_covered_display": "0", "missing_lines": 2, "excluded_lines": 0}, "missing_lines": [21, 22], "excluded_lines": []}, "DataViewModel.get_countries": {"executed_lines": [], "summary": {"covered_lines": 0, "num_statements": 2, "percent_covered": 0.0, "percent_covered_display": "0", "missing_lines": 2, "excluded_lines": 0}, "missing_lines": [31, 33], "excluded_lines": []}, "DataViewModel.get_country_data": {"executed_lines": [], "summary": {"covered_lines": 0, "num_statements": 11, "percent_covered": 0.0, "percent_covered_display": "0", "missing_lines": 11, "excluded_lines": 0}, "missing_lines": [51, 52, 54, 56, 57, 63, 69, 70, 79, 90, 92], "excluded_lines": []}, "DataViewModel.get_data_overview": {"executed_lines": [], "summary": {"covered_lines": 0, "num_statements": 9, "percent_covered": 0.0, "percent_covered_display": "0", "missing_lines": 9, "excluded_lines": 0}, "missing_lines": [102, 105, 106, 108, 110, 111, 112, 115, 121], "excluded_lines": []}, "DataViewModel.get_feature_importance": {"executed_lines": [], "summary": {"covered_lines": 0, "num_statements": 4, "percent_covered": 0.0, "percent_covered_display": "0", "missing_lines": 4, "excluded_lines": 0}, "missing_lines": [136, 138, 139, 141], "excluded_lines": []}, "DataViewModel.get_country_prediction": {"executed_lines": [], "summary": {"covered_lines": 0, "num_statements": 11, "percent_covered": 0.0, "percent_covered_display": "0", "missing_lines": 11, "excluded_lines": 0}, "missing_lines": [160, 162, 163, 166, 169, 172, 175, 176, 183, 186, 192], "excluded_lines": []}, "DataViewModel.get_model_metrics": {"executed_lines": [], "summary": {"covered_lines": 0, "num_statements": 4, "percent_covered": 0.0, "percent_covered_display": "0", "missing_lines": 4, "excluded_lines": 0}, "missing_lines": [212, 214, 215, 217], "excluded_lines": []}, "DataViewModel.train_model": {"executed_lines": [], "summary": {"covered_lines": 0, "num_statements": 4, "percent_covered": 0.0, "percent_covered_display": "0", "missing_lines": 4, "excluded_lines": 0}, "missing_lines": [237, 239, 240, 242], "excluded_lines": []}, "DataViewModel.get_countries_comparison": {"executed_lines": [], "summary": {"covered_lines": 0, "num_statements": 26, "percent_covered": 0.0, "percent_covered_display": "0", "missing_lines": 26, "excluded_lines": 0}, "missing_lines": [257, 258, 263, 265, 266, 269, 270, 273, 274, 276, 277, 278, 279, 282, 285, 286, 287, 290, 293, 294, 295, 296, 298, 304, 310, 315], "excluded_lines": []}, "": {"executed_lines": [], "summary": {"covered_lines": 0, "num_statements": 12, "percent_covered": 0.0, "percent_covered_display": "0", "missing_lines": 12, "excluded_lines": 0}, "missing_lines": [1, 2, 4, 14, 24, 40, 94, 126, 149, 202, 226, 247], "excluded_lines": []}}, "classes": {"DataViewModel": {"executed_lines": [], "summary": {"covered_lines": 0, "num_statements": 73, "percent_covered": 0.0, "percent_covered_display": "0", "missing_lines": 73, "excluded_lines": 0}, "missing_lines": [21, 22, 31, 33, 51, 52, 54, 56, 57, 63, 69, 70, 79, 90, 92, 102, 105, 106, 108, 110, 111, 112, 115, 121, 136, 138, 139, 141, 160, 162, 163, 166, 169, 172, 175, 176, 183, 186, 192, 212, 214, 215, 217, 237, 239, 240, 242, 257, 258, 263, 265, 266, 269, 270, 273, 274, 276, 277, 278, 279, 282, 285, 286, 287, 290, 293, 294, 295, 296, 298, 304, 310, 315], "excluded_lines": []}, "": {"executed_lines": [], "summary": {"covered_lines": 0, "num_statements": 12, "percent_covered": 0.0, "percent_covered_display": "0", "missing_lines": 12, "excluded_lines": 0}, "missing_lines": [1, 2, 4, 14, 24, 40, 94, 126, 149, 202, 226, 247], "excluded_lines": []}}}, "app\\views\\__init__.py": {"executed_lines": [], "summary": {"covered_lines": 0, "num_statements": 0, "percent_covered": 100.0, "percent_covered_display": "100", "missing_lines": 0, "excluded_lines": 0}, "missing_lines": [], "excluded_lines": [], "functions": {"": {"executed_lines": [], "summary": {"covered_lines": 0, "num_statements": 0, "percent_covered": 100.0, "percent_covered_display": "100", "missing_lines": 0, "excluded_lines": 0}, "missing_lines": [], "excluded_lines": []}}, "classes": {"": {"executed_lines": [], "summary": {"covered_lines": 0, "num_statements": 0, "percent_covered": 100.0, "percent_covered_display": "100", "missing_lines": 0, "excluded_lines": 0}, "missing_lines": [], "excluded_lines": []}}}}, "totals": {"covered_lines": 2092, "num_statements": 3140, "percent_covered": 66.62420382165605, "percent_covered_display": "67", "missing_lines": 1048, "excluded_lines": 0}}